{"/home/etec/Documentos/Proyecto_shoeStore/Proyecto_shoeStore/src/App.jsx": {"path":"/home/etec/Documentos/Proyecto_shoeStore/Proyecto_shoeStore/src/App.jsx","statementMap":{"0":{"start":{"line":13,"column":1},"end":{"line":30,"column":3}}},"fnMap":{"0":{"name":"App","decl":{"start":{"line":12,"column":9},"end":{"line":12,"column":12}},"loc":{"start":{"line":12,"column":15},"end":{"line":31,"column":1}},"line":12}},"branchMap":{},"s":{"0":0},"f":{"0":0},"b":{}}
,"/home/etec/Documentos/Proyecto_shoeStore/Proyecto_shoeStore/src/router.jsx": {"path":"/home/etec/Documentos/Proyecto_shoeStore/Proyecto_shoeStore/src/router.jsx","statementMap":{"0":{"start":{"line":21,"column":2},"end":{"line":46,"column":4}}},"fnMap":{"0":{"name":"Router","decl":{"start":{"line":20,"column":9},"end":{"line":20,"column":15}},"loc":{"start":{"line":20,"column":18},"end":{"line":47,"column":1}},"line":20}},"branchMap":{},"s":{"0":0},"f":{"0":0},"b":{}}
,"/home/etec/Documentos/Proyecto_shoeStore/Proyecto_shoeStore/src/Paginas/dashboard.jsx": {"path":"/home/etec/Documentos/Proyecto_shoeStore/Proyecto_shoeStore/src/Paginas/dashboard.jsx","statementMap":{"0":{"start":{"line":5,"column":18},"end":{"line":60,"column":1}},"1":{"start":{"line":6,"column":32},"end":{"line":6,"column":44}},"2":{"start":{"line":7,"column":32},"end":{"line":7,"column":46}},"3":{"start":{"line":8,"column":19},"end":{"line":8,"column":32}},"4":{"start":{"line":10,"column":2},"end":{"line":42,"column":17}},"5":{"start":{"line":11,"column":18},"end":{"line":11,"column":54}},"6":{"start":{"line":12,"column":4},"end":{"line":16,"column":5}},"7":{"start":{"line":13,"column":6},"end":{"line":13,"column":58}},"8":{"start":{"line":14,"column":6},"end":{"line":14,"column":49}},"9":{"start":{"line":14,"column":23},"end":{"line":14,"column":41}},"10":{"start":{"line":15,"column":6},"end":{"line":15,"column":13}},"11":{"start":{"line":19,"column":4},"end":{"line":41,"column":9}},"12":{"start":{"line":27,"column":8},"end":{"line":29,"column":9}},"13":{"start":{"line":28,"column":10},"end":{"line":28,"column":44}},"14":{"start":{"line":30,"column":8},"end":{"line":30,"column":26}},"15":{"start":{"line":33,"column":8},"end":{"line":33,"column":33}},"16":{"start":{"line":34,"column":8},"end":{"line":34,"column":26}},"17":{"start":{"line":37,"column":8},"end":{"line":37,"column":52}},"18":{"start":{"line":38,"column":8},"end":{"line":38,"column":48}},"19":{"start":{"line":39,"column":8},"end":{"line":39,"column":55}},"20":{"start":{"line":40,"column":8},"end":{"line":40,"column":51}},"21":{"start":{"line":40,"column":25},"end":{"line":40,"column":43}},"22":{"start":{"line":44,"column":23},"end":{"line":47,"column":3}},"23":{"start":{"line":45,"column":4},"end":{"line":45,"column":44}},"24":{"start":{"line":46,"column":4},"end":{"line":46,"column":23}},"25":{"start":{"line":49,"column":2},"end":{"line":49,"column":45}},"26":{"start":{"line":49,"column":15},"end":{"line":49,"column":45}},"27":{"start":{"line":51,"column":2},"end":{"line":59,"column":4}}},"fnMap":{"0":{"name":"(anonymous_0)","decl":{"start":{"line":5,"column":18},"end":{"line":5,"column":19}},"loc":{"start":{"line":5,"column":24},"end":{"line":60,"column":1}},"line":5},"1":{"name":"(anonymous_1)","decl":{"start":{"line":10,"column":12},"end":{"line":10,"column":13}},"loc":{"start":{"line":10,"column":18},"end":{"line":42,"column":3}},"line":10},"2":{"name":"(anonymous_2)","decl":{"start":{"line":14,"column":17},"end":{"line":14,"column":18}},"loc":{"start":{"line":14,"column":23},"end":{"line":14,"column":41}},"line":14},"3":{"name":"(anonymous_3)","decl":{"start":{"line":26,"column":12},"end":{"line":26,"column":13}},"loc":{"start":{"line":26,"column":21},"end":{"line":31,"column":7}},"line":26},"4":{"name":"(anonymous_4)","decl":{"start":{"line":32,"column":12},"end":{"line":32,"column":13}},"loc":{"start":{"line":32,"column":22},"end":{"line":35,"column":7}},"line":32},"5":{"name":"(anonymous_5)","decl":{"start":{"line":36,"column":13},"end":{"line":36,"column":14}},"loc":{"start":{"line":36,"column":24},"end":{"line":41,"column":7}},"line":36},"6":{"name":"(anonymous_6)","decl":{"start":{"line":40,"column":19},"end":{"line":40,"column":20}},"loc":{"start":{"line":40,"column":25},"end":{"line":40,"column":43}},"line":40},"7":{"name":"(anonymous_7)","decl":{"start":{"line":44,"column":23},"end":{"line":44,"column":24}},"loc":{"start":{"line":44,"column":29},"end":{"line":47,"column":3}},"line":44}},"branchMap":{"0":{"loc":{"start":{"line":12,"column":4},"end":{"line":16,"column":5}},"type":"if","locations":[{"start":{"line":12,"column":4},"end":{"line":16,"column":5}},{"start":{},"end":{}}],"line":12},"1":{"loc":{"start":{"line":27,"column":8},"end":{"line":29,"column":9}},"type":"if","locations":[{"start":{"line":27,"column":8},"end":{"line":29,"column":9}},{"start":{},"end":{}}],"line":27},"2":{"loc":{"start":{"line":49,"column":2},"end":{"line":49,"column":45}},"type":"if","locations":[{"start":{"line":49,"column":2},"end":{"line":49,"column":45}},{"start":{},"end":{}}],"line":49}},"s":{"0":0,"1":0,"2":0,"3":0,"4":0,"5":0,"6":0,"7":0,"8":0,"9":0,"10":0,"11":0,"12":0,"13":0,"14":0,"15":0,"16":0,"17":0,"18":0,"19":0,"20":0,"21":0,"22":0,"23":0,"24":0,"25":0,"26":0,"27":0},"f":{"0":0,"1":0,"2":0,"3":0,"4":0,"5":0,"6":0,"7":0},"b":{"0":[0,0],"1":[0,0],"2":[0,0]}}
,"/home/etec/Documentos/Proyecto_shoeStore/Proyecto_shoeStore/src/Paginas/Login/login.jsx": {"path":"/home/etec/Documentos/Proyecto_shoeStore/Proyecto_shoeStore/src/Paginas/Login/login.jsx","statementMap":{"0":{"start":{"line":6,"column":28},"end":{"line":6,"column":40}},"1":{"start":{"line":7,"column":34},"end":{"line":7,"column":46}},"2":{"start":{"line":8,"column":32},"end":{"line":8,"column":44}},"3":{"start":{"line":9,"column":32},"end":{"line":9,"column":47}},"4":{"start":{"line":10,"column":19},"end":{"line":10,"column":32}},"5":{"start":{"line":12,"column":23},"end":{"line":47,"column":3}},"6":{"start":{"line":13,"column":4},"end":{"line":13,"column":23}},"7":{"start":{"line":14,"column":4},"end":{"line":14,"column":21}},"8":{"start":{"line":15,"column":4},"end":{"line":15,"column":19}},"9":{"start":{"line":17,"column":4},"end":{"line":46,"column":5}},"10":{"start":{"line":18,"column":23},"end":{"line":24,"column":8}},"11":{"start":{"line":26,"column":19},"end":{"line":26,"column":40}},"12":{"start":{"line":27,"column":6},"end":{"line":40,"column":7}},"13":{"start":{"line":28,"column":8},"end":{"line":28,"column":53}},"14":{"start":{"line":29,"column":8},"end":{"line":29,"column":71}},"15":{"start":{"line":31,"column":8},"end":{"line":31,"column":64}},"16":{"start":{"line":32,"column":8},"end":{"line":32,"column":21}},"17":{"start":{"line":33,"column":8},"end":{"line":33,"column":24}},"18":{"start":{"line":35,"column":8},"end":{"line":37,"column":17}},"19":{"start":{"line":36,"column":10},"end":{"line":36,"column":24}},"20":{"start":{"line":39,"column":8},"end":{"line":39,"column":43}},"21":{"start":{"line":42,"column":6},"end":{"line":42,"column":46}},"22":{"start":{"line":43,"column":6},"end":{"line":43,"column":56}},"23":{"start":{"line":45,"column":6},"end":{"line":45,"column":24}},"24":{"start":{"line":50,"column":2},"end":{"line":96,"column":4}},"25":{"start":{"line":58,"column":27},"end":{"line":58,"column":51}},"26":{"start":{"line":65,"column":27},"end":{"line":65,"column":54}},"27":{"start":{"line":79,"column":67},"end":{"line":79,"column":86}},"28":{"start":{"line":79,"column":87},"end":{"line":79,"column":109}}},"fnMap":{"0":{"name":"Login","decl":{"start":{"line":5,"column":24},"end":{"line":5,"column":29}},"loc":{"start":{"line":5,"column":32},"end":{"line":97,"column":1}},"line":5},"1":{"name":"(anonymous_1)","decl":{"start":{"line":12,"column":23},"end":{"line":12,"column":24}},"loc":{"start":{"line":12,"column":36},"end":{"line":47,"column":3}},"line":12},"2":{"name":"(anonymous_2)","decl":{"start":{"line":35,"column":19},"end":{"line":35,"column":20}},"loc":{"start":{"line":35,"column":25},"end":{"line":37,"column":9}},"line":35},"3":{"name":"(anonymous_3)","decl":{"start":{"line":58,"column":20},"end":{"line":58,"column":21}},"loc":{"start":{"line":58,"column":27},"end":{"line":58,"column":51}},"line":58},"4":{"name":"(anonymous_4)","decl":{"start":{"line":65,"column":20},"end":{"line":65,"column":21}},"loc":{"start":{"line":65,"column":27},"end":{"line":65,"column":54}},"line":65},"5":{"name":"(anonymous_5)","decl":{"start":{"line":79,"column":58},"end":{"line":79,"column":59}},"loc":{"start":{"line":79,"column":65},"end":{"line":79,"column":111}},"line":79}},"branchMap":{"0":{"loc":{"start":{"line":27,"column":6},"end":{"line":40,"column":7}},"type":"if","locations":[{"start":{"line":27,"column":6},"end":{"line":40,"column":7}},{"start":{"line":38,"column":13},"end":{"line":40,"column":7}}],"line":27},"1":{"loc":{"start":{"line":72,"column":22},"end":{"line":72,"column":69}},"type":"cond-expr","locations":[{"start":{"line":72,"column":32},"end":{"line":72,"column":49}},{"start":{"line":72,"column":52},"end":{"line":72,"column":69}}],"line":72},"2":{"loc":{"start":{"line":73,"column":18},"end":{"line":73,"column":53}},"type":"cond-expr","locations":[{"start":{"line":73,"column":28},"end":{"line":73,"column":41}},{"start":{"line":73,"column":44},"end":{"line":73,"column":53}}],"line":73},"3":{"loc":{"start":{"line":75,"column":11},"end":{"line":75,"column":54}},"type":"cond-expr","locations":[{"start":{"line":75,"column":21},"end":{"line":75,"column":35}},{"start":{"line":75,"column":38},"end":{"line":75,"column":54}}],"line":75},"4":{"loc":{"start":{"line":82,"column":9},"end":{"line":94,"column":7}},"type":"binary-expr","locations":[{"start":{"line":82,"column":9},"end":{"line":82,"column":16}},{"start":{"line":83,"column":10},"end":{"line":93,"column":14}}],"line":82},"5":{"loc":{"start":{"line":88,"column":26},"end":{"line":88,"column":75}},"type":"cond-expr","locations":[{"start":{"line":88,"column":54},"end":{"line":88,"column":63}},{"start":{"line":88,"column":66},"end":{"line":88,"column":75}}],"line":88},"6":{"loc":{"start":{"line":89,"column":21},"end":{"line":89,"column":74}},"type":"cond-expr","locations":[{"start":{"line":89,"column":49},"end":{"line":89,"column":60}},{"start":{"line":89,"column":63},"end":{"line":89,"column":74}}],"line":89}},"s":{"0":34,"1":34,"2":34,"3":34,"4":34,"5":34,"6":1,"7":1,"8":1,"9":1,"10":1,"11":1,"12":1,"13":0,"14":0,"15":0,"16":0,"17":0,"18":0,"19":0,"20":1,"21":0,"22":0,"23":1,"24":34,"25":25,"26":6,"27":0,"28":0},"f":{"0":34,"1":1,"2":0,"3":25,"4":6,"5":0},"b":{"0":[0,1],"1":[1,33],"2":[1,33],"3":[1,33],"4":[34,1],"5":[1,0],"6":[1,0]},"_coverageSchema":"1a1c01bbd47fc00a2c39e90264f33305004495a9","hash":"5d3720c5d4f6a30dbcf68d72f5cc28e25f511edf"}
,"/home/etec/Documentos/Proyecto_shoeStore/Proyecto_shoeStore/src/Paginas/Register/Register.jsx": {"path":"/home/etec/Documentos/Proyecto_shoeStore/Proyecto_shoeStore/src/Paginas/Register/Register.jsx","statementMap":{"0":{"start":{"line":6,"column":28},"end":{"line":6,"column":40}},"1":{"start":{"line":7,"column":34},"end":{"line":7,"column":46}},"2":{"start":{"line":8,"column":34},"end":{"line":8,"column":46}},"3":{"start":{"line":9,"column":32},"end":{"line":9,"column":44}},"4":{"start":{"line":10,"column":32},"end":{"line":10,"column":47}},"5":{"start":{"line":11,"column":19},"end":{"line":11,"column":32}},"6":{"start":{"line":13,"column":23},"end":{"line":48,"column":3}},"7":{"start":{"line":14,"column":4},"end":{"line":14,"column":23}},"8":{"start":{"line":15,"column":4},"end":{"line":15,"column":70}},"9":{"start":{"line":16,"column":4},"end":{"line":16,"column":21}},"10":{"start":{"line":17,"column":4},"end":{"line":17,"column":19}},"11":{"start":{"line":19,"column":4},"end":{"line":47,"column":5}},"12":{"start":{"line":20,"column":21},"end":{"line":26,"column":6}},"13":{"start":{"line":27,"column":23},"end":{"line":27,"column":44}},"14":{"start":{"line":28,"column":6},"end":{"line":41,"column":7}},"15":{"start":{"line":29,"column":8},"end":{"line":29,"column":60}},"16":{"start":{"line":31,"column":8},"end":{"line":31,"column":21}},"17":{"start":{"line":32,"column":8},"end":{"line":32,"column":24}},"18":{"start":{"line":33,"column":8},"end":{"line":33,"column":24}},"19":{"start":{"line":35,"column":8},"end":{"line":38,"column":17}},"20":{"start":{"line":36,"column":10},"end":{"line":36,"column":44}},"21":{"start":{"line":37,"column":10},"end":{"line":37,"column":29}},"22":{"start":{"line":40,"column":8},"end":{"line":40,"column":43}},"23":{"start":{"line":43,"column":6},"end":{"line":43,"column":49}},"24":{"start":{"line":44,"column":6},"end":{"line":44,"column":56}},"25":{"start":{"line":46,"column":6},"end":{"line":46,"column":24}},"26":{"start":{"line":50,"column":2},"end":{"line":103,"column":4}},"27":{"start":{"line":59,"column":27},"end":{"line":59,"column":51}},"28":{"start":{"line":67,"column":27},"end":{"line":67,"column":54}},"29":{"start":{"line":76,"column":27},"end":{"line":76,"column":54}},"30":{"start":{"line":90,"column":62},"end":{"line":90,"column":81}},"31":{"start":{"line":90,"column":82},"end":{"line":90,"column":101}}},"fnMap":{"0":{"name":"Register","decl":{"start":{"line":5,"column":24},"end":{"line":5,"column":32}},"loc":{"start":{"line":5,"column":35},"end":{"line":104,"column":1}},"line":5},"1":{"name":"(anonymous_1)","decl":{"start":{"line":13,"column":23},"end":{"line":13,"column":24}},"loc":{"start":{"line":13,"column":36},"end":{"line":48,"column":3}},"line":13},"2":{"name":"(anonymous_2)","decl":{"start":{"line":35,"column":19},"end":{"line":35,"column":20}},"loc":{"start":{"line":35,"column":25},"end":{"line":38,"column":9}},"line":35},"3":{"name":"(anonymous_3)","decl":{"start":{"line":59,"column":20},"end":{"line":59,"column":21}},"loc":{"start":{"line":59,"column":27},"end":{"line":59,"column":51}},"line":59},"4":{"name":"(anonymous_4)","decl":{"start":{"line":67,"column":20},"end":{"line":67,"column":21}},"loc":{"start":{"line":67,"column":27},"end":{"line":67,"column":54}},"line":67},"5":{"name":"(anonymous_5)","decl":{"start":{"line":76,"column":20},"end":{"line":76,"column":21}},"loc":{"start":{"line":76,"column":27},"end":{"line":76,"column":54}},"line":76},"6":{"name":"(anonymous_6)","decl":{"start":{"line":90,"column":53},"end":{"line":90,"column":54}},"loc":{"start":{"line":90,"column":60},"end":{"line":90,"column":103}},"line":90}},"branchMap":{"0":{"loc":{"start":{"line":28,"column":6},"end":{"line":41,"column":7}},"type":"if","locations":[{"start":{"line":28,"column":6},"end":{"line":41,"column":7}},{"start":{"line":39,"column":13},"end":{"line":41,"column":7}}],"line":28},"1":{"loc":{"start":{"line":83,"column":24},"end":{"line":83,"column":61}},"type":"cond-expr","locations":[{"start":{"line":83,"column":34},"end":{"line":83,"column":40}},{"start":{"line":83,"column":43},"end":{"line":83,"column":61}}],"line":83},"2":{"loc":{"start":{"line":84,"column":20},"end":{"line":84,"column":55}},"type":"cond-expr","locations":[{"start":{"line":84,"column":30},"end":{"line":84,"column":43}},{"start":{"line":84,"column":46},"end":{"line":84,"column":55}}],"line":84},"3":{"loc":{"start":{"line":87,"column":12},"end":{"line":87,"column":54}},"type":"cond-expr","locations":[{"start":{"line":87,"column":22},"end":{"line":87,"column":38}},{"start":{"line":87,"column":41},"end":{"line":87,"column":54}}],"line":87},"4":{"loc":{"start":{"line":93,"column":7},"end":{"line":101,"column":7}},"type":"binary-expr","locations":[{"start":{"line":93,"column":7},"end":{"line":93,"column":14}},{"start":{"line":94,"column":8},"end":{"line":100,"column":14}}],"line":93},"5":{"loc":{"start":{"line":96,"column":24},"end":{"line":96,"column":73}},"type":"cond-expr","locations":[{"start":{"line":96,"column":52},"end":{"line":96,"column":61}},{"start":{"line":96,"column":64},"end":{"line":96,"column":73}}],"line":96},"6":{"loc":{"start":{"line":97,"column":19},"end":{"line":97,"column":72}},"type":"cond-expr","locations":[{"start":{"line":97,"column":47},"end":{"line":97,"column":58}},{"start":{"line":97,"column":61},"end":{"line":97,"column":72}}],"line":97}},"s":{"0":0,"1":0,"2":0,"3":0,"4":0,"5":0,"6":0,"7":0,"8":0,"9":0,"10":0,"11":0,"12":0,"13":0,"14":0,"15":0,"16":0,"17":0,"18":0,"19":0,"20":0,"21":0,"22":0,"23":0,"24":0,"25":0,"26":0,"27":0,"28":0,"29":0,"30":0,"31":0},"f":{"0":0,"1":0,"2":0,"3":0,"4":0,"5":0,"6":0},"b":{"0":[0,0],"1":[0,0],"2":[0,0],"3":[0,0],"4":[0,0],"5":[0,0],"6":[0,0]}}
,"/home/etec/Documentos/Proyecto_shoeStore/Proyecto_shoeStore/src/components/agregarCarrito.jsx": {"path":"/home/etec/Documentos/Proyecto_shoeStore/Proyecto_shoeStore/src/components/agregarCarrito.jsx","statementMap":{"0":{"start":{"line":5,"column":16},"end":{"line":56,"column":1}},"1":{"start":{"line":6,"column":36},"end":{"line":6,"column":47}},"2":{"start":{"line":7,"column":34},"end":{"line":7,"column":46}},"3":{"start":{"line":8,"column":34},"end":{"line":8,"column":49}},"4":{"start":{"line":10,"column":22},"end":{"line":31,"column":5}},"5":{"start":{"line":11,"column":8},"end":{"line":11,"column":25}},"6":{"start":{"line":12,"column":8},"end":{"line":30,"column":9}},"7":{"start":{"line":13,"column":31},"end":{"line":13,"column":65}},"8":{"start":{"line":14,"column":12},"end":{"line":17,"column":13}},"9":{"start":{"line":15,"column":16},"end":{"line":15,"column":51}},"10":{"start":{"line":16,"column":16},"end":{"line":16,"column":23}},"11":{"start":{"line":18,"column":29},"end":{"line":22,"column":14}},"12":{"start":{"line":23,"column":12},"end":{"line":23,"column":46}},"13":{"start":{"line":24,"column":12},"end":{"line":24,"column":44}},"14":{"start":{"line":26,"column":12},"end":{"line":26,"column":54}},"15":{"start":{"line":27,"column":12},"end":{"line":27,"column":33}},"16":{"start":{"line":29,"column":12},"end":{"line":29,"column":30}},"17":{"start":{"line":32,"column":4},"end":{"line":55,"column":6}},"18":{"start":{"line":47,"column":33},"end":{"line":47,"column":75}}},"fnMap":{"0":{"name":"(anonymous_0)","decl":{"start":{"line":5,"column":16},"end":{"line":5,"column":17}},"loc":{"start":{"line":5,"column":47},"end":{"line":56,"column":1}},"line":5},"1":{"name":"(anonymous_1)","decl":{"start":{"line":10,"column":22},"end":{"line":10,"column":23}},"loc":{"start":{"line":10,"column":34},"end":{"line":31,"column":5}},"line":10},"2":{"name":"(anonymous_2)","decl":{"start":{"line":47,"column":26},"end":{"line":47,"column":27}},"loc":{"start":{"line":47,"column":33},"end":{"line":47,"column":75}},"line":47}},"branchMap":{"0":{"loc":{"start":{"line":14,"column":12},"end":{"line":17,"column":13}},"type":"if","locations":[{"start":{"line":14,"column":12},"end":{"line":17,"column":13}},{"start":{},"end":{}}],"line":14},"1":{"loc":{"start":{"line":34,"column":13},"end":{"line":40,"column":13}},"type":"cond-expr","locations":[{"start":{"line":35,"column":16},"end":{"line":35,"column":109}},{"start":{"line":37,"column":16},"end":{"line":39,"column":22}}],"line":34},"2":{"loc":{"start":{"line":34,"column":13},"end":{"line":34,"column":61}},"type":"binary-expr","locations":[{"start":{"line":34,"column":13},"end":{"line":34,"column":28}},{"start":{"line":34,"column":32},"end":{"line":34,"column":61}}],"line":34},"3":{"loc":{"start":{"line":47,"column":45},"end":{"line":47,"column":74}},"type":"binary-expr","locations":[{"start":{"line":47,"column":45},"end":{"line":47,"column":69}},{"start":{"line":47,"column":73},"end":{"line":47,"column":74}}],"line":47},"4":{"loc":{"start":{"line":51,"column":17},"end":{"line":51,"column":64}},"type":"cond-expr","locations":[{"start":{"line":51,"column":27},"end":{"line":51,"column":41}},{"start":{"line":51,"column":44},"end":{"line":51,"column":64}}],"line":51},"5":{"loc":{"start":{"line":53,"column":13},"end":{"line":53,"column":40}},"type":"binary-expr","locations":[{"start":{"line":53,"column":13},"end":{"line":53,"column":20}},{"start":{"line":53,"column":24},"end":{"line":53,"column":40}}],"line":53}},"s":{"0":0,"1":0,"2":0,"3":0,"4":0,"5":0,"6":0,"7":0,"8":0,"9":0,"10":0,"11":0,"12":0,"13":0,"14":0,"15":0,"16":0,"17":0,"18":0},"f":{"0":0,"1":0,"2":0},"b":{"0":[0,0],"1":[0,0],"2":[0,0],"3":[0,0],"4":[0,0],"5":[0,0]}}
,"/home/etec/Documentos/Proyecto_shoeStore/Proyecto_shoeStore/src/components/cartContext.jsx": {"path":"/home/etec/Documentos/Proyecto_shoeStore/Proyecto_shoeStore/src/components/cartContext.jsx","statementMap":{"0":{"start":{"line":4,"column":20},"end":{"line":4,"column":35}},"1":{"start":{"line":7,"column":28},"end":{"line":44,"column":1}},"2":{"start":{"line":8,"column":50},"end":{"line":8,"column":62}},"3":{"start":{"line":11,"column":27},"end":{"line":27,"column":3}},"4":{"start":{"line":12,"column":4},"end":{"line":26,"column":7}},"5":{"start":{"line":14,"column":32},"end":{"line":14,"column":83}},"6":{"start":{"line":14,"column":59},"end":{"line":14,"column":82}},"7":{"start":{"line":15,"column":6},"end":{"line":25,"column":7}},"8":{"start":{"line":17,"column":8},"end":{"line":21,"column":10}},"9":{"start":{"line":18,"column":10},"end":{"line":20,"column":18}},"10":{"start":{"line":24,"column":8},"end":{"line":24,"column":62}},"11":{"start":{"line":30,"column":29},"end":{"line":32,"column":3}},"12":{"start":{"line":31,"column":4},"end":{"line":31,"column":87}},"13":{"start":{"line":31,"column":41},"end":{"line":31,"column":85}},"14":{"start":{"line":31,"column":70},"end":{"line":31,"column":84}},"15":{"start":{"line":35,"column":24},"end":{"line":37,"column":3}},"16":{"start":{"line":36,"column":4},"end":{"line":36,"column":28}},"17":{"start":{"line":39,"column":2},"end":{"line":43,"column":4}},"18":{"start":{"line":47,"column":23},"end":{"line":53,"column":1}},"19":{"start":{"line":48,"column":18},"end":{"line":48,"column":41}},"20":{"start":{"line":49,"column":2},"end":{"line":51,"column":3}},"21":{"start":{"line":50,"column":4},"end":{"line":50,"column":69}},"22":{"start":{"line":52,"column":2},"end":{"line":52,"column":17}}},"fnMap":{"0":{"name":"(anonymous_0)","decl":{"start":{"line":7,"column":28},"end":{"line":7,"column":29}},"loc":{"start":{"line":7,"column":46},"end":{"line":44,"column":1}},"line":7},"1":{"name":"(anonymous_1)","decl":{"start":{"line":11,"column":27},"end":{"line":11,"column":28}},"loc":{"start":{"line":11,"column":41},"end":{"line":27,"column":3}},"line":11},"2":{"name":"(anonymous_2)","decl":{"start":{"line":12,"column":24},"end":{"line":12,"column":25}},"loc":{"start":{"line":12,"column":41},"end":{"line":26,"column":5}},"line":12},"3":{"name":"(anonymous_3)","decl":{"start":{"line":14,"column":49},"end":{"line":14,"column":50}},"loc":{"start":{"line":14,"column":59},"end":{"line":14,"column":82}},"line":14},"4":{"name":"(anonymous_4)","decl":{"start":{"line":17,"column":31},"end":{"line":17,"column":32}},"loc":{"start":{"line":18,"column":10},"end":{"line":20,"column":18}},"line":18},"5":{"name":"(anonymous_5)","decl":{"start":{"line":30,"column":29},"end":{"line":30,"column":30}},"loc":{"start":{"line":30,"column":37},"end":{"line":32,"column":3}},"line":30},"6":{"name":"(anonymous_6)","decl":{"start":{"line":31,"column":24},"end":{"line":31,"column":25}},"loc":{"start":{"line":31,"column":41},"end":{"line":31,"column":85}},"line":31},"7":{"name":"(anonymous_7)","decl":{"start":{"line":31,"column":60},"end":{"line":31,"column":61}},"loc":{"start":{"line":31,"column":70},"end":{"line":31,"column":84}},"line":31},"8":{"name":"(anonymous_8)","decl":{"start":{"line":35,"column":24},"end":{"line":35,"column":25}},"loc":{"start":{"line":35,"column":30},"end":{"line":37,"column":3}},"line":35},"9":{"name":"(anonymous_9)","decl":{"start":{"line":47,"column":23},"end":{"line":47,"column":24}},"loc":{"start":{"line":47,"column":29},"end":{"line":53,"column":1}},"line":47}},"branchMap":{"0":{"loc":{"start":{"line":15,"column":6},"end":{"line":25,"column":7}},"type":"if","locations":[{"start":{"line":15,"column":6},"end":{"line":25,"column":7}},{"start":{"line":22,"column":13},"end":{"line":25,"column":7}}],"line":15},"1":{"loc":{"start":{"line":18,"column":10},"end":{"line":20,"column":18}},"type":"cond-expr","locations":[{"start":{"line":19,"column":14},"end":{"line":19,"column":54}},{"start":{"line":20,"column":14},"end":{"line":20,"column":18}}],"line":18},"2":{"loc":{"start":{"line":49,"column":2},"end":{"line":51,"column":3}},"type":"if","locations":[{"start":{"line":49,"column":2},"end":{"line":51,"column":3}},{"start":{},"end":{}}],"line":49}},"s":{"0":0,"1":0,"2":0,"3":0,"4":0,"5":0,"6":0,"7":0,"8":0,"9":0,"10":0,"11":0,"12":0,"13":0,"14":0,"15":0,"16":0,"17":0,"18":0,"19":0,"20":0,"21":0,"22":0},"f":{"0":0,"1":0,"2":0,"3":0,"4":0,"5":0,"6":0,"7":0,"8":0,"9":0},"b":{"0":[0,0],"1":[0,0],"2":[0,0]}}
,"/home/etec/Documentos/Proyecto_shoeStore/Proyecto_shoeStore/src/components/listarProduct.jsx": {"path":"/home/etec/Documentos/Proyecto_shoeStore/Proyecto_shoeStore/src/components/listarProduct.jsx","statementMap":{"0":{"start":{"line":5,"column":20},"end":{"line":50,"column":1}},"1":{"start":{"line":6,"column":36},"end":{"line":6,"column":48}},"2":{"start":{"line":7,"column":28},"end":{"line":7,"column":40}},"3":{"start":{"line":10,"column":4},"end":{"line":20,"column":11}},"4":{"start":{"line":11,"column":30},"end":{"line":18,"column":9}},"5":{"start":{"line":12,"column":12},"end":{"line":17,"column":13}},"6":{"start":{"line":13,"column":33},"end":{"line":13,"column":83}},"7":{"start":{"line":14,"column":16},"end":{"line":14,"column":43}},"8":{"start":{"line":16,"column":16},"end":{"line":16,"column":66}},"9":{"start":{"line":19,"column":8},"end":{"line":19,"column":24}},"10":{"start":{"line":23,"column":23},"end":{"line":28,"column":5}},"11":{"start":{"line":24,"column":8},"end":{"line":27,"column":12}},"12":{"start":{"line":24,"column":29},"end":{"line":27,"column":9}},"13":{"start":{"line":30,"column":4},"end":{"line":49,"column":6}},"14":{"start":{"line":34,"column":16},"end":{"line":38,"column":18}},"15":{"start":{"line":44,"column":24},"end":{"line":44,"column":62}}},"fnMap":{"0":{"name":"(anonymous_0)","decl":{"start":{"line":5,"column":20},"end":{"line":5,"column":21}},"loc":{"start":{"line":5,"column":26},"end":{"line":50,"column":1}},"line":5},"1":{"name":"(anonymous_1)","decl":{"start":{"line":10,"column":14},"end":{"line":10,"column":15}},"loc":{"start":{"line":10,"column":20},"end":{"line":20,"column":5}},"line":10},"2":{"name":"(anonymous_2)","decl":{"start":{"line":11,"column":30},"end":{"line":11,"column":31}},"loc":{"start":{"line":11,"column":42},"end":{"line":18,"column":9}},"line":11},"3":{"name":"(anonymous_3)","decl":{"start":{"line":23,"column":23},"end":{"line":23,"column":24}},"loc":{"start":{"line":23,"column":48},"end":{"line":28,"column":5}},"line":23},"4":{"name":"(anonymous_4)","decl":{"start":{"line":24,"column":16},"end":{"line":24,"column":17}},"loc":{"start":{"line":24,"column":29},"end":{"line":27,"column":9}},"line":24},"5":{"name":"(anonymous_5)","decl":{"start":{"line":33,"column":26},"end":{"line":33,"column":27}},"loc":{"start":{"line":34,"column":16},"end":{"line":38,"column":18}},"line":34},"6":{"name":"(anonymous_6)","decl":{"start":{"line":43,"column":46},"end":{"line":43,"column":47}},"loc":{"start":{"line":44,"column":24},"end":{"line":44,"column":62}},"line":44}},"branchMap":{"0":{"loc":{"start":{"line":26,"column":26},"end":{"line":26,"column":50}},"type":"binary-expr","locations":[{"start":{"line":26,"column":26},"end":{"line":26,"column":45}},{"start":{"line":26,"column":49},"end":{"line":26,"column":50}}],"line":26}},"s":{"0":0,"1":0,"2":0,"3":0,"4":0,"5":0,"6":0,"7":0,"8":0,"9":0,"10":0,"11":0,"12":0,"13":0,"14":0,"15":0},"f":{"0":0,"1":0,"2":0,"3":0,"4":0,"5":0,"6":0},"b":{"0":[0,0]}}
,"/home/etec/Documentos/Proyecto_shoeStore/Proyecto_shoeStore/src/components/BannerSection/bannerSec.jsx": {"path":"/home/etec/Documentos/Proyecto_shoeStore/Proyecto_shoeStore/src/components/BannerSection/bannerSec.jsx","statementMap":{"0":{"start":{"line":5,"column":44},"end":{"line":5,"column":56}},"1":{"start":{"line":6,"column":42},"end":{"line":6,"column":53}},"2":{"start":{"line":8,"column":2},"end":{"line":13,"column":9}},"3":{"start":{"line":9,"column":4},"end":{"line":12,"column":73}},"4":{"start":{"line":10,"column":21},"end":{"line":10,"column":31}},"5":{"start":{"line":11,"column":22},"end":{"line":11,"column":44}},"6":{"start":{"line":12,"column":22},"end":{"line":12,"column":71}},"7":{"start":{"line":15,"column":2},"end":{"line":23,"column":22}},"8":{"start":{"line":16,"column":4},"end":{"line":22,"column":5}},"9":{"start":{"line":17,"column":23},"end":{"line":19,"column":14}},"10":{"start":{"line":18,"column":8},"end":{"line":18,"column":69}},"11":{"start":{"line":18,"column":34},"end":{"line":18,"column":67}},"12":{"start":{"line":21,"column":6},"end":{"line":21,"column":43}},"13":{"start":{"line":21,"column":19},"end":{"line":21,"column":42}},"14":{"start":{"line":26,"column":20},"end":{"line":28,"column":3}},"15":{"start":{"line":27,"column":4},"end":{"line":27,"column":65}},"16":{"start":{"line":27,"column":30},"end":{"line":27,"column":63}},"17":{"start":{"line":30,"column":20},"end":{"line":34,"column":3}},"18":{"start":{"line":31,"column":4},"end":{"line":33,"column":6}},"19":{"start":{"line":32,"column":6},"end":{"line":32,"column":54}},"20":{"start":{"line":37,"column":2},"end":{"line":39,"column":3}},"21":{"start":{"line":38,"column":4},"end":{"line":38,"column":66}},"22":{"start":{"line":41,"column":15},"end":{"line":41,"column":42}},"23":{"start":{"line":43,"column":2},"end":{"line":63,"column":4}}},"fnMap":{"0":{"name":"BannerPrincipal","decl":{"start":{"line":4,"column":24},"end":{"line":4,"column":39}},"loc":{"start":{"line":4,"column":42},"end":{"line":64,"column":1}},"line":4},"1":{"name":"(anonymous_1)","decl":{"start":{"line":8,"column":12},"end":{"line":8,"column":13}},"loc":{"start":{"line":8,"column":18},"end":{"line":13,"column":3}},"line":8},"2":{"name":"(anonymous_2)","decl":{"start":{"line":10,"column":12},"end":{"line":10,"column":13}},"loc":{"start":{"line":10,"column":21},"end":{"line":10,"column":31}},"line":10},"3":{"name":"(anonymous_3)","decl":{"start":{"line":11,"column":12},"end":{"line":11,"column":13}},"loc":{"start":{"line":11,"column":22},"end":{"line":11,"column":44}},"line":11},"4":{"name":"(anonymous_4)","decl":{"start":{"line":12,"column":13},"end":{"line":12,"column":14}},"loc":{"start":{"line":12,"column":22},"end":{"line":12,"column":71}},"line":12},"5":{"name":"(anonymous_5)","decl":{"start":{"line":15,"column":12},"end":{"line":15,"column":13}},"loc":{"start":{"line":15,"column":18},"end":{"line":23,"column":3}},"line":15},"6":{"name":"(anonymous_6)","decl":{"start":{"line":17,"column":35},"end":{"line":17,"column":36}},"loc":{"start":{"line":17,"column":41},"end":{"line":19,"column":7}},"line":17},"7":{"name":"(anonymous_7)","decl":{"start":{"line":18,"column":24},"end":{"line":18,"column":25}},"loc":{"start":{"line":18,"column":34},"end":{"line":18,"column":67}},"line":18},"8":{"name":"(anonymous_8)","decl":{"start":{"line":21,"column":13},"end":{"line":21,"column":14}},"loc":{"start":{"line":21,"column":19},"end":{"line":21,"column":42}},"line":21},"9":{"name":"(anonymous_9)","decl":{"start":{"line":26,"column":20},"end":{"line":26,"column":21}},"loc":{"start":{"line":26,"column":26},"end":{"line":28,"column":3}},"line":26},"10":{"name":"(anonymous_10)","decl":{"start":{"line":27,"column":20},"end":{"line":27,"column":21}},"loc":{"start":{"line":27,"column":30},"end":{"line":27,"column":63}},"line":27},"11":{"name":"(anonymous_11)","decl":{"start":{"line":30,"column":20},"end":{"line":30,"column":21}},"loc":{"start":{"line":30,"column":26},"end":{"line":34,"column":3}},"line":30},"12":{"name":"(anonymous_12)","decl":{"start":{"line":31,"column":20},"end":{"line":31,"column":21}},"loc":{"start":{"line":32,"column":6},"end":{"line":32,"column":54}},"line":32}},"branchMap":{"0":{"loc":{"start":{"line":16,"column":4},"end":{"line":22,"column":5}},"type":"if","locations":[{"start":{"line":16,"column":4},"end":{"line":22,"column":5}},{"start":{},"end":{}}],"line":16},"1":{"loc":{"start":{"line":32,"column":6},"end":{"line":32,"column":54}},"type":"cond-expr","locations":[{"start":{"line":32,"column":19},"end":{"line":32,"column":43}},{"start":{"line":32,"column":46},"end":{"line":32,"column":54}}],"line":32},"2":{"loc":{"start":{"line":37,"column":2},"end":{"line":39,"column":3}},"type":"if","locations":[{"start":{"line":37,"column":2},"end":{"line":39,"column":3}},{"start":{},"end":{}}],"line":37}},"s":{"0":0,"1":0,"2":0,"3":0,"4":0,"5":0,"6":0,"7":0,"8":0,"9":0,"10":0,"11":0,"12":0,"13":0,"14":0,"15":0,"16":0,"17":0,"18":0,"19":0,"20":0,"21":0,"22":0,"23":0},"f":{"0":0,"1":0,"2":0,"3":0,"4":0,"5":0,"6":0,"7":0,"8":0,"9":0,"10":0,"11":0,"12":0},"b":{"0":[0,0],"1":[0,0],"2":[0,0]}}
,"/home/etec/Documentos/Proyecto_shoeStore/Proyecto_shoeStore/src/components/Header/Header.jsx": {"path":"/home/etec/Documentos/Proyecto_shoeStore/Proyecto_shoeStore/src/components/Header/Header.jsx","statementMap":{"0":{"start":{"line":12,"column":38},"end":{"line":12,"column":50}},"1":{"start":{"line":13,"column":50},"end":{"line":13,"column":65}},"2":{"start":{"line":14,"column":54},"end":{"line":14,"column":68}},"3":{"start":{"line":15,"column":44},"end":{"line":15,"column":59}},"4":{"start":{"line":17,"column":21},"end":{"line":17,"column":67}},"5":{"start":{"line":18,"column":17},"end":{"line":18,"column":43}},"6":{"start":{"line":20,"column":19},"end":{"line":20,"column":32}},"7":{"start":{"line":22,"column":25},"end":{"line":26,"column":3}},"8":{"start":{"line":23,"column":4},"end":{"line":23,"column":43}},"9":{"start":{"line":24,"column":4},"end":{"line":24,"column":28}},"10":{"start":{"line":25,"column":4},"end":{"line":25,"column":32}},"11":{"start":{"line":28,"column":23},"end":{"line":31,"column":3}},"12":{"start":{"line":29,"column":4},"end":{"line":29,"column":23}},"13":{"start":{"line":30,"column":4},"end":{"line":30,"column":37}},"14":{"start":{"line":33,"column":46},"end":{"line":33,"column":61}},"15":{"start":{"line":34,"column":29},"end":{"line":34,"column":38}},"16":{"start":{"line":36,"column":18},"end":{"line":38,"column":3}},"17":{"start":{"line":37,"column":4},"end":{"line":37,"column":39}},"18":{"start":{"line":41,"column":31},"end":{"line":44,"column":3}},"19":{"start":{"line":42,"column":4},"end":{"line":42,"column":37}},"20":{"start":{"line":43,"column":4},"end":{"line":43,"column":27}},"21":{"start":{"line":47,"column":27},"end":{"line":51,"column":3}},"22":{"start":{"line":48,"column":4},"end":{"line":48,"column":74}},"23":{"start":{"line":49,"column":4},"end":{"line":49,"column":28}},"24":{"start":{"line":50,"column":4},"end":{"line":50,"column":31}},"25":{"start":{"line":53,"column":2},"end":{"line":127,"column":4}},"26":{"start":{"line":62,"column":29},"end":{"line":62,"column":58}},"27":{"start":{"line":89,"column":16},"end":{"line":93,"column":21}},"28":{"start":{"line":90,"column":42},"end":{"line":90,"column":72}},"29":{"start":{"line":102,"column":16},"end":{"line":104,"column":21}},"30":{"start":{"line":103,"column":41},"end":{"line":103,"column":64}}},"fnMap":{"0":{"name":"Header","decl":{"start":{"line":11,"column":24},"end":{"line":11,"column":30}},"loc":{"start":{"line":11,"column":33},"end":{"line":128,"column":1}},"line":11},"1":{"name":"(anonymous_1)","decl":{"start":{"line":22,"column":25},"end":{"line":22,"column":26}},"loc":{"start":{"line":22,"column":31},"end":{"line":26,"column":3}},"line":22},"2":{"name":"(anonymous_2)","decl":{"start":{"line":28,"column":23},"end":{"line":28,"column":24}},"loc":{"start":{"line":28,"column":30},"end":{"line":31,"column":3}},"line":28},"3":{"name":"(anonymous_3)","decl":{"start":{"line":36,"column":18},"end":{"line":36,"column":19}},"loc":{"start":{"line":36,"column":24},"end":{"line":38,"column":3}},"line":36},"4":{"name":"(anonymous_4)","decl":{"start":{"line":41,"column":31},"end":{"line":41,"column":32}},"loc":{"start":{"line":41,"column":46},"end":{"line":44,"column":3}},"line":41},"5":{"name":"(anonymous_5)","decl":{"start":{"line":47,"column":27},"end":{"line":47,"column":28}},"loc":{"start":{"line":47,"column":38},"end":{"line":51,"column":3}},"line":47},"6":{"name":"(anonymous_6)","decl":{"start":{"line":62,"column":22},"end":{"line":62,"column":23}},"loc":{"start":{"line":62,"column":29},"end":{"line":62,"column":58}},"line":62},"7":{"name":"(anonymous_7)","decl":{"start":{"line":88,"column":30},"end":{"line":88,"column":31}},"loc":{"start":{"line":89,"column":16},"end":{"line":93,"column":21}},"line":89},"8":{"name":"(anonymous_8)","decl":{"start":{"line":90,"column":35},"end":{"line":90,"column":36}},"loc":{"start":{"line":90,"column":42},"end":{"line":90,"column":72}},"line":90},"9":{"name":"(anonymous_9)","decl":{"start":{"line":101,"column":26},"end":{"line":101,"column":27}},"loc":{"start":{"line":102,"column":16},"end":{"line":104,"column":21}},"line":102},"10":{"name":"(anonymous_10)","decl":{"start":{"line":103,"column":35},"end":{"line":103,"column":36}},"loc":{"start":{"line":103,"column":41},"end":{"line":103,"column":64}},"line":103}},"branchMap":{"0":{"loc":{"start":{"line":85,"column":9},"end":{"line":96,"column":9}},"type":"binary-expr","locations":[{"start":{"line":85,"column":9},"end":{"line":85,"column":25}},{"start":{"line":86,"column":10},"end":{"line":95,"column":16}}],"line":85},"1":{"loc":{"start":{"line":98,"column":9},"end":{"line":107,"column":9}},"type":"binary-expr","locations":[{"start":{"line":98,"column":9},"end":{"line":98,"column":22}},{"start":{"line":99,"column":10},"end":{"line":106,"column":16}}],"line":98},"2":{"loc":{"start":{"line":115,"column":9},"end":{"line":121,"column":9}},"type":"binary-expr","locations":[{"start":{"line":115,"column":9},"end":{"line":115,"column":23}},{"start":{"line":116,"column":10},"end":{"line":120,"column":16}}],"line":115}},"s":{"0":0,"1":0,"2":0,"3":0,"4":0,"5":0,"6":0,"7":0,"8":0,"9":0,"10":0,"11":0,"12":0,"13":0,"14":0,"15":0,"16":0,"17":0,"18":0,"19":0,"20":0,"21":0,"22":0,"23":0,"24":0,"25":0,"26":0,"27":0,"28":0,"29":0,"30":0},"f":{"0":0,"1":0,"2":0,"3":0,"4":0,"5":0,"6":0,"7":0,"8":0,"9":0,"10":0},"b":{"0":[0,0],"1":[0,0],"2":[0,0]}}
,"/home/etec/Documentos/Proyecto_shoeStore/Proyecto_shoeStore/src/components/Marcas/adidas/adidas.jsx": {"path":"/home/etec/Documentos/Proyecto_shoeStore/Proyecto_shoeStore/src/components/Marcas/adidas/adidas.jsx","statementMap":{"0":{"start":{"line":8,"column":32},"end":{"line":8,"column":41}},"1":{"start":{"line":9,"column":35},"end":{"line":9,"column":47}},"2":{"start":{"line":10,"column":33},"end":{"line":10,"column":47}},"3":{"start":{"line":13,"column":3},"end":{"line":26,"column":10}},"4":{"start":{"line":14,"column":5},"end":{"line":25,"column":8}},"5":{"start":{"line":15,"column":20},"end":{"line":15,"column":30}},"6":{"start":{"line":17,"column":9},"end":{"line":17,"column":27}},"7":{"start":{"line":18,"column":9},"end":{"line":18,"column":27}},"8":{"start":{"line":23,"column":7},"end":{"line":23,"column":36}},"9":{"start":{"line":24,"column":7},"end":{"line":24,"column":25}},"10":{"start":{"line":27,"column":4},"end":{"line":27,"column":43}},"11":{"start":{"line":27,"column":17},"end":{"line":27,"column":43}},"12":{"start":{"line":28,"column":3},"end":{"line":28,"column":75}},"13":{"start":{"line":28,"column":43},"end":{"line":28,"column":75}},"14":{"start":{"line":30,"column":21},"end":{"line":33,"column":1}},"15":{"start":{"line":31,"column":1},"end":{"line":31,"column":28}},"16":{"start":{"line":35,"column":0},"end":{"line":54,"column":2}},"17":{"start":{"line":44,"column":4},"end":{"line":50,"column":10}},"18":{"start":{"line":49,"column":48},"end":{"line":49,"column":69}}},"fnMap":{"0":{"name":"GrillaAdidas","decl":{"start":{"line":7,"column":9},"end":{"line":7,"column":21}},"loc":{"start":{"line":7,"column":24},"end":{"line":55,"column":1}},"line":7},"1":{"name":"(anonymous_1)","decl":{"start":{"line":13,"column":13},"end":{"line":13,"column":14}},"loc":{"start":{"line":13,"column":19},"end":{"line":26,"column":4}},"line":13},"2":{"name":"(anonymous_2)","decl":{"start":{"line":15,"column":11},"end":{"line":15,"column":12}},"loc":{"start":{"line":15,"column":20},"end":{"line":15,"column":30}},"line":15},"3":{"name":"(anonymous_3)","decl":{"start":{"line":16,"column":11},"end":{"line":16,"column":12}},"loc":{"start":{"line":16,"column":21},"end":{"line":19,"column":8}},"line":16},"4":{"name":"(anonymous_4)","decl":{"start":{"line":22,"column":12},"end":{"line":22,"column":13}},"loc":{"start":{"line":22,"column":21},"end":{"line":25,"column":6}},"line":22},"5":{"name":"(anonymous_5)","decl":{"start":{"line":30,"column":21},"end":{"line":30,"column":22}},"loc":{"start":{"line":30,"column":35},"end":{"line":33,"column":1}},"line":30},"6":{"name":"(anonymous_6)","decl":{"start":{"line":43,"column":16},"end":{"line":43,"column":17}},"loc":{"start":{"line":44,"column":4},"end":{"line":50,"column":10}},"line":44},"7":{"name":"(anonymous_7)","decl":{"start":{"line":49,"column":42},"end":{"line":49,"column":43}},"loc":{"start":{"line":49,"column":48},"end":{"line":49,"column":69}},"line":49}},"branchMap":{"0":{"loc":{"start":{"line":27,"column":4},"end":{"line":27,"column":43}},"type":"if","locations":[{"start":{"line":27,"column":4},"end":{"line":27,"column":43}},{"start":{},"end":{}}],"line":27},"1":{"loc":{"start":{"line":28,"column":3},"end":{"line":28,"column":75}},"type":"if","locations":[{"start":{"line":28,"column":3},"end":{"line":28,"column":75}},{"start":{},"end":{}}],"line":28},"2":{"loc":{"start":{"line":28,"column":7},"end":{"line":28,"column":41}},"type":"binary-expr","locations":[{"start":{"line":28,"column":7},"end":{"line":28,"column":16}},{"start":{"line":28,"column":20},"end":{"line":28,"column":41}}],"line":28}},"s":{"0":0,"1":0,"2":0,"3":0,"4":0,"5":0,"6":0,"7":0,"8":0,"9":0,"10":0,"11":0,"12":0,"13":0,"14":0,"15":0,"16":0,"17":0,"18":0},"f":{"0":0,"1":0,"2":0,"3":0,"4":0,"5":0,"6":0,"7":0},"b":{"0":[0,0],"1":[0,0],"2":[0,0]}}
,"/home/etec/Documentos/Proyecto_shoeStore/Proyecto_shoeStore/src/components/Marcas/nike/nike.jsx": {"path":"/home/etec/Documentos/Proyecto_shoeStore/Proyecto_shoeStore/src/components/Marcas/nike/nike.jsx","statementMap":{"0":{"start":{"line":8,"column":32},"end":{"line":8,"column":41}},"1":{"start":{"line":9,"column":35},"end":{"line":9,"column":47}},"2":{"start":{"line":10,"column":33},"end":{"line":10,"column":47}},"3":{"start":{"line":13,"column":3},"end":{"line":26,"column":10}},"4":{"start":{"line":14,"column":5},"end":{"line":25,"column":8}},"5":{"start":{"line":15,"column":20},"end":{"line":15,"column":30}},"6":{"start":{"line":17,"column":9},"end":{"line":17,"column":27}},"7":{"start":{"line":18,"column":9},"end":{"line":18,"column":27}},"8":{"start":{"line":23,"column":7},"end":{"line":23,"column":36}},"9":{"start":{"line":24,"column":7},"end":{"line":24,"column":25}},"10":{"start":{"line":27,"column":4},"end":{"line":27,"column":43}},"11":{"start":{"line":27,"column":17},"end":{"line":27,"column":43}},"12":{"start":{"line":28,"column":3},"end":{"line":28,"column":75}},"13":{"start":{"line":28,"column":43},"end":{"line":28,"column":75}},"14":{"start":{"line":30,"column":21},"end":{"line":33,"column":1}},"15":{"start":{"line":31,"column":1},"end":{"line":31,"column":28}},"16":{"start":{"line":35,"column":0},"end":{"line":54,"column":2}},"17":{"start":{"line":44,"column":4},"end":{"line":50,"column":10}},"18":{"start":{"line":49,"column":48},"end":{"line":49,"column":69}}},"fnMap":{"0":{"name":"GrillaNike","decl":{"start":{"line":7,"column":9},"end":{"line":7,"column":19}},"loc":{"start":{"line":7,"column":22},"end":{"line":55,"column":1}},"line":7},"1":{"name":"(anonymous_1)","decl":{"start":{"line":13,"column":13},"end":{"line":13,"column":14}},"loc":{"start":{"line":13,"column":19},"end":{"line":26,"column":4}},"line":13},"2":{"name":"(anonymous_2)","decl":{"start":{"line":15,"column":11},"end":{"line":15,"column":12}},"loc":{"start":{"line":15,"column":20},"end":{"line":15,"column":30}},"line":15},"3":{"name":"(anonymous_3)","decl":{"start":{"line":16,"column":11},"end":{"line":16,"column":12}},"loc":{"start":{"line":16,"column":21},"end":{"line":19,"column":8}},"line":16},"4":{"name":"(anonymous_4)","decl":{"start":{"line":22,"column":12},"end":{"line":22,"column":13}},"loc":{"start":{"line":22,"column":21},"end":{"line":25,"column":6}},"line":22},"5":{"name":"(anonymous_5)","decl":{"start":{"line":30,"column":21},"end":{"line":30,"column":22}},"loc":{"start":{"line":30,"column":35},"end":{"line":33,"column":1}},"line":30},"6":{"name":"(anonymous_6)","decl":{"start":{"line":43,"column":16},"end":{"line":43,"column":17}},"loc":{"start":{"line":44,"column":4},"end":{"line":50,"column":10}},"line":44},"7":{"name":"(anonymous_7)","decl":{"start":{"line":49,"column":42},"end":{"line":49,"column":43}},"loc":{"start":{"line":49,"column":48},"end":{"line":49,"column":69}},"line":49}},"branchMap":{"0":{"loc":{"start":{"line":27,"column":4},"end":{"line":27,"column":43}},"type":"if","locations":[{"start":{"line":27,"column":4},"end":{"line":27,"column":43}},{"start":{},"end":{}}],"line":27},"1":{"loc":{"start":{"line":28,"column":3},"end":{"line":28,"column":75}},"type":"if","locations":[{"start":{"line":28,"column":3},"end":{"line":28,"column":75}},{"start":{},"end":{}}],"line":28},"2":{"loc":{"start":{"line":28,"column":7},"end":{"line":28,"column":41}},"type":"binary-expr","locations":[{"start":{"line":28,"column":7},"end":{"line":28,"column":16}},{"start":{"line":28,"column":20},"end":{"line":28,"column":41}}],"line":28}},"s":{"0":0,"1":0,"2":0,"3":0,"4":0,"5":0,"6":0,"7":0,"8":0,"9":0,"10":0,"11":0,"12":0,"13":0,"14":0,"15":0,"16":0,"17":0,"18":0},"f":{"0":0,"1":0,"2":0,"3":0,"4":0,"5":0,"6":0,"7":0},"b":{"0":[0,0],"1":[0,0],"2":[0,0]}}
,"/home/etec/Documentos/Proyecto_shoeStore/Proyecto_shoeStore/src/components/Marcas/puma/puma.jsx": {"path":"/home/etec/Documentos/Proyecto_shoeStore/Proyecto_shoeStore/src/components/Marcas/puma/puma.jsx","statementMap":{"0":{"start":{"line":8,"column":32},"end":{"line":8,"column":41}},"1":{"start":{"line":9,"column":35},"end":{"line":9,"column":47}},"2":{"start":{"line":10,"column":33},"end":{"line":10,"column":47}},"3":{"start":{"line":13,"column":3},"end":{"line":26,"column":10}},"4":{"start":{"line":14,"column":5},"end":{"line":25,"column":8}},"5":{"start":{"line":15,"column":20},"end":{"line":15,"column":30}},"6":{"start":{"line":17,"column":9},"end":{"line":17,"column":27}},"7":{"start":{"line":18,"column":9},"end":{"line":18,"column":27}},"8":{"start":{"line":23,"column":7},"end":{"line":23,"column":36}},"9":{"start":{"line":24,"column":7},"end":{"line":24,"column":25}},"10":{"start":{"line":27,"column":4},"end":{"line":27,"column":43}},"11":{"start":{"line":27,"column":17},"end":{"line":27,"column":43}},"12":{"start":{"line":28,"column":3},"end":{"line":28,"column":75}},"13":{"start":{"line":28,"column":43},"end":{"line":28,"column":75}},"14":{"start":{"line":30,"column":21},"end":{"line":33,"column":1}},"15":{"start":{"line":31,"column":1},"end":{"line":31,"column":28}},"16":{"start":{"line":35,"column":0},"end":{"line":54,"column":2}},"17":{"start":{"line":44,"column":4},"end":{"line":50,"column":10}},"18":{"start":{"line":49,"column":48},"end":{"line":49,"column":69}}},"fnMap":{"0":{"name":"GrillaPuma","decl":{"start":{"line":7,"column":9},"end":{"line":7,"column":19}},"loc":{"start":{"line":7,"column":22},"end":{"line":55,"column":1}},"line":7},"1":{"name":"(anonymous_1)","decl":{"start":{"line":13,"column":13},"end":{"line":13,"column":14}},"loc":{"start":{"line":13,"column":19},"end":{"line":26,"column":4}},"line":13},"2":{"name":"(anonymous_2)","decl":{"start":{"line":15,"column":11},"end":{"line":15,"column":12}},"loc":{"start":{"line":15,"column":20},"end":{"line":15,"column":30}},"line":15},"3":{"name":"(anonymous_3)","decl":{"start":{"line":16,"column":11},"end":{"line":16,"column":12}},"loc":{"start":{"line":16,"column":21},"end":{"line":19,"column":8}},"line":16},"4":{"name":"(anonymous_4)","decl":{"start":{"line":22,"column":12},"end":{"line":22,"column":13}},"loc":{"start":{"line":22,"column":21},"end":{"line":25,"column":6}},"line":22},"5":{"name":"(anonymous_5)","decl":{"start":{"line":30,"column":21},"end":{"line":30,"column":22}},"loc":{"start":{"line":30,"column":35},"end":{"line":33,"column":1}},"line":30},"6":{"name":"(anonymous_6)","decl":{"start":{"line":43,"column":16},"end":{"line":43,"column":17}},"loc":{"start":{"line":44,"column":4},"end":{"line":50,"column":10}},"line":44},"7":{"name":"(anonymous_7)","decl":{"start":{"line":49,"column":42},"end":{"line":49,"column":43}},"loc":{"start":{"line":49,"column":48},"end":{"line":49,"column":69}},"line":49}},"branchMap":{"0":{"loc":{"start":{"line":27,"column":4},"end":{"line":27,"column":43}},"type":"if","locations":[{"start":{"line":27,"column":4},"end":{"line":27,"column":43}},{"start":{},"end":{}}],"line":27},"1":{"loc":{"start":{"line":28,"column":3},"end":{"line":28,"column":75}},"type":"if","locations":[{"start":{"line":28,"column":3},"end":{"line":28,"column":75}},{"start":{},"end":{}}],"line":28},"2":{"loc":{"start":{"line":28,"column":7},"end":{"line":28,"column":41}},"type":"binary-expr","locations":[{"start":{"line":28,"column":7},"end":{"line":28,"column":16}},{"start":{"line":28,"column":20},"end":{"line":28,"column":41}}],"line":28}},"s":{"0":0,"1":0,"2":0,"3":0,"4":0,"5":0,"6":0,"7":0,"8":0,"9":0,"10":0,"11":0,"12":0,"13":0,"14":0,"15":0,"16":0,"17":0,"18":0},"f":{"0":0,"1":0,"2":0,"3":0,"4":0,"5":0,"6":0,"7":0},"b":{"0":[0,0],"1":[0,0],"2":[0,0]}}
,"/home/etec/Documentos/Proyecto_shoeStore/Proyecto_shoeStore/src/components/Productos(header)/productos.jsx": {"path":"/home/etec/Documentos/Proyecto_shoeStore/Proyecto_shoeStore/src/components/Productos(header)/productos.jsx","statementMap":{"0":{"start":{"line":6,"column":19},"end":{"line":6,"column":32}},"1":{"start":{"line":7,"column":22},"end":{"line":7,"column":58}},"2":{"start":{"line":9,"column":20},"end":{"line":9,"column":48}},"3":{"start":{"line":10,"column":16},"end":{"line":10,"column":40}},"4":{"start":{"line":12,"column":34},"end":{"line":12,"column":46}},"5":{"start":{"line":13,"column":44},"end":{"line":13,"column":56}},"6":{"start":{"line":15,"column":2},"end":{"line":31,"column":20}},"7":{"start":{"line":16,"column":4},"end":{"line":30,"column":73}},"8":{"start":{"line":17,"column":21},"end":{"line":17,"column":31}},"9":{"start":{"line":19,"column":8},"end":{"line":19,"column":26}},"10":{"start":{"line":22,"column":26},"end":{"line":26,"column":12}},"11":{"start":{"line":23,"column":33},"end":{"line":23,"column":65}},"12":{"start":{"line":24,"column":34},"end":{"line":24,"column":69}},"13":{"start":{"line":25,"column":12},"end":{"line":25,"column":49}},"14":{"start":{"line":28,"column":8},"end":{"line":28,"column":36}},"15":{"start":{"line":30,"column":22},"end":{"line":30,"column":71}},"16":{"start":{"line":33,"column":2},"end":{"line":50,"column":4}}},"fnMap":{"0":{"name":"Productos","decl":{"start":{"line":5,"column":24},"end":{"line":5,"column":33}},"loc":{"start":{"line":5,"column":36},"end":{"line":51,"column":1}},"line":5},"1":{"name":"(anonymous_1)","decl":{"start":{"line":15,"column":12},"end":{"line":15,"column":13}},"loc":{"start":{"line":15,"column":18},"end":{"line":31,"column":3}},"line":15},"2":{"name":"(anonymous_2)","decl":{"start":{"line":17,"column":12},"end":{"line":17,"column":13}},"loc":{"start":{"line":17,"column":21},"end":{"line":17,"column":31}},"line":17},"3":{"name":"(anonymous_3)","decl":{"start":{"line":18,"column":12},"end":{"line":18,"column":13}},"loc":{"start":{"line":18,"column":22},"end":{"line":29,"column":7}},"line":18},"4":{"name":"(anonymous_4)","decl":{"start":{"line":22,"column":38},"end":{"line":22,"column":39}},"loc":{"start":{"line":22,"column":47},"end":{"line":26,"column":11}},"line":22},"5":{"name":"(anonymous_5)","decl":{"start":{"line":30,"column":13},"end":{"line":30,"column":14}},"loc":{"start":{"line":30,"column":22},"end":{"line":30,"column":71}},"line":30}},"branchMap":{"0":{"loc":{"start":{"line":23,"column":33},"end":{"line":23,"column":65}},"type":"cond-expr","locations":[{"start":{"line":23,"column":40},"end":{"line":23,"column":58}},{"start":{"line":23,"column":61},"end":{"line":23,"column":65}}],"line":23},"1":{"loc":{"start":{"line":24,"column":34},"end":{"line":24,"column":69}},"type":"cond-expr","locations":[{"start":{"line":24,"column":42},"end":{"line":24,"column":62}},{"start":{"line":24,"column":65},"end":{"line":24,"column":69}}],"line":24},"2":{"loc":{"start":{"line":25,"column":19},"end":{"line":25,"column":48}},"type":"binary-expr","locations":[{"start":{"line":25,"column":19},"end":{"line":25,"column":31}},{"start":{"line":25,"column":35},"end":{"line":25,"column":48}}],"line":25}},"s":{"0":0,"1":0,"2":0,"3":0,"4":0,"5":0,"6":0,"7":0,"8":0,"9":0,"10":0,"11":0,"12":0,"13":0,"14":0,"15":0,"16":0},"f":{"0":0,"1":0,"2":0,"3":0,"4":0,"5":0},"b":{"0":[0,0],"1":[0,0],"2":[0,0]}}
,"/home/etec/Documentos/Proyecto_shoeStore/Proyecto_shoeStore/src/components/banner1/banner1.jsx": {"path":"/home/etec/Documentos/Proyecto_shoeStore/Proyecto_shoeStore/src/components/banner1/banner1.jsx","statementMap":{"0":{"start":{"line":3,"column":16},"end":{"line":8,"column":1}},"1":{"start":{"line":4,"column":2},"end":{"line":6,"column":4}}},"fnMap":{"0":{"name":"(anonymous_0)","decl":{"start":{"line":3,"column":16},"end":{"line":3,"column":17}},"loc":{"start":{"line":3,"column":22},"end":{"line":8,"column":1}},"line":3}},"branchMap":{},"s":{"0":0,"1":0},"f":{"0":0},"b":{}}
,"/home/etec/Documentos/Proyecto_shoeStore/Proyecto_shoeStore/src/components/bannerSS/bannerSS.jsx": {"path":"/home/etec/Documentos/Proyecto_shoeStore/Proyecto_shoeStore/src/components/bannerSS/bannerSS.jsx","statementMap":{"0":{"start":{"line":3,"column":17},"end":{"line":8,"column":1}},"1":{"start":{"line":4,"column":2},"end":{"line":6,"column":4}}},"fnMap":{"0":{"name":"(anonymous_0)","decl":{"start":{"line":3,"column":17},"end":{"line":3,"column":18}},"loc":{"start":{"line":3,"column":23},"end":{"line":8,"column":1}},"line":3}},"branchMap":{},"s":{"0":0,"1":0},"f":{"0":0},"b":{}}
,"/home/etec/Documentos/Proyecto_shoeStore/Proyecto_shoeStore/src/components/categorias/basica/catBasica.jsx": {"path":"/home/etec/Documentos/Proyecto_shoeStore/Proyecto_shoeStore/src/components/categorias/basica/catBasica.jsx","statementMap":{"0":{"start":{"line":8,"column":45},"end":{"line":8,"column":59}},"1":{"start":{"line":9,"column":35},"end":{"line":9,"column":47}},"2":{"start":{"line":10,"column":33},"end":{"line":10,"column":47}},"3":{"start":{"line":13,"column":3},"end":{"line":26,"column":10}},"4":{"start":{"line":14,"column":5},"end":{"line":25,"column":8}},"5":{"start":{"line":15,"column":20},"end":{"line":15,"column":30}},"6":{"start":{"line":17,"column":9},"end":{"line":17,"column":27}},"7":{"start":{"line":18,"column":9},"end":{"line":18,"column":27}},"8":{"start":{"line":23,"column":7},"end":{"line":23,"column":36}},"9":{"start":{"line":24,"column":7},"end":{"line":24,"column":25}},"10":{"start":{"line":28,"column":4},"end":{"line":28,"column":43}},"11":{"start":{"line":28,"column":17},"end":{"line":28,"column":43}},"12":{"start":{"line":29,"column":4},"end":{"line":29,"column":76}},"13":{"start":{"line":29,"column":44},"end":{"line":29,"column":76}},"14":{"start":{"line":31,"column":27},"end":{"line":33,"column":4}},"15":{"start":{"line":32,"column":5},"end":{"line":32,"column":28}},"16":{"start":{"line":35,"column":0},"end":{"line":68,"column":2}},"17":{"start":{"line":44,"column":4},"end":{"line":54,"column":10}},"18":{"start":{"line":50,"column":49},"end":{"line":50,"column":74}},"19":{"start":{"line":61,"column":57},"end":{"line":61,"column":76}}},"fnMap":{"0":{"name":"GrillaBasica","decl":{"start":{"line":7,"column":9},"end":{"line":7,"column":21}},"loc":{"start":{"line":7,"column":24},"end":{"line":69,"column":1}},"line":7},"1":{"name":"(anonymous_1)","decl":{"start":{"line":13,"column":13},"end":{"line":13,"column":14}},"loc":{"start":{"line":13,"column":19},"end":{"line":26,"column":4}},"line":13},"2":{"name":"(anonymous_2)","decl":{"start":{"line":15,"column":11},"end":{"line":15,"column":12}},"loc":{"start":{"line":15,"column":20},"end":{"line":15,"column":30}},"line":15},"3":{"name":"(anonymous_3)","decl":{"start":{"line":16,"column":11},"end":{"line":16,"column":12}},"loc":{"start":{"line":16,"column":21},"end":{"line":19,"column":8}},"line":16},"4":{"name":"(anonymous_4)","decl":{"start":{"line":22,"column":12},"end":{"line":22,"column":13}},"loc":{"start":{"line":22,"column":21},"end":{"line":25,"column":6}},"line":22},"5":{"name":"(anonymous_5)","decl":{"start":{"line":31,"column":27},"end":{"line":31,"column":28}},"loc":{"start":{"line":31,"column":33},"end":{"line":33,"column":4}},"line":31},"6":{"name":"(anonymous_6)","decl":{"start":{"line":43,"column":16},"end":{"line":43,"column":17}},"loc":{"start":{"line":44,"column":4},"end":{"line":54,"column":10}},"line":44},"7":{"name":"(anonymous_7)","decl":{"start":{"line":50,"column":42},"end":{"line":50,"column":43}},"loc":{"start":{"line":50,"column":48},"end":{"line":50,"column":75}},"line":50},"8":{"name":"(anonymous_8)","decl":{"start":{"line":61,"column":50},"end":{"line":61,"column":51}},"loc":{"start":{"line":61,"column":57},"end":{"line":61,"column":76}},"line":61}},"branchMap":{"0":{"loc":{"start":{"line":28,"column":4},"end":{"line":28,"column":43}},"type":"if","locations":[{"start":{"line":28,"column":4},"end":{"line":28,"column":43}},{"start":{},"end":{}}],"line":28},"1":{"loc":{"start":{"line":29,"column":4},"end":{"line":29,"column":76}},"type":"if","locations":[{"start":{"line":29,"column":4},"end":{"line":29,"column":76}},{"start":{},"end":{}}],"line":29},"2":{"loc":{"start":{"line":29,"column":8},"end":{"line":29,"column":42}},"type":"binary-expr","locations":[{"start":{"line":29,"column":8},"end":{"line":29,"column":17}},{"start":{"line":29,"column":21},"end":{"line":29,"column":42}}],"line":29},"3":{"loc":{"start":{"line":58,"column":3},"end":{"line":66,"column":3}},"type":"binary-expr","locations":[{"start":{"line":58,"column":3},"end":{"line":58,"column":16}},{"start":{"line":59,"column":4},"end":{"line":65,"column":8}}],"line":58}},"s":{"0":0,"1":0,"2":0,"3":0,"4":0,"5":0,"6":0,"7":0,"8":0,"9":0,"10":0,"11":0,"12":0,"13":0,"14":0,"15":0,"16":0,"17":0,"18":0,"19":0},"f":{"0":0,"1":0,"2":0,"3":0,"4":0,"5":0,"6":0,"7":0,"8":0},"b":{"0":[0,0],"1":[0,0],"2":[0,0],"3":[0,0]}}
,"/home/etec/Documentos/Proyecto_shoeStore/Proyecto_shoeStore/src/components/categorias/basica/detallesBasicas.jsx": {"path":"/home/etec/Documentos/Proyecto_shoeStore/Proyecto_shoeStore/src/components/categorias/basica/detallesBasicas.jsx","statementMap":{"0":{"start":{"line":6,"column":33},"end":{"line":6,"column":42}},"1":{"start":{"line":8,"column":4},"end":{"line":8,"column":38}},"2":{"start":{"line":8,"column":26},"end":{"line":8,"column":38}},"3":{"start":{"line":10,"column":34},"end":{"line":13,"column":1}},"4":{"start":{"line":11,"column":4},"end":{"line":11,"column":38}},"5":{"start":{"line":12,"column":4},"end":{"line":12,"column":57}},"6":{"start":{"line":14,"column":4},"end":{"line":37,"column":6}}},"fnMap":{"0":{"name":"DetallesBasicas","decl":{"start":{"line":5,"column":9},"end":{"line":5,"column":24}},"loc":{"start":{"line":5,"column":44},"end":{"line":38,"column":1}},"line":5},"1":{"name":"(anonymous_1)","decl":{"start":{"line":10,"column":34},"end":{"line":10,"column":35}},"loc":{"start":{"line":10,"column":40},"end":{"line":13,"column":1}},"line":10}},"branchMap":{"0":{"loc":{"start":{"line":8,"column":4},"end":{"line":8,"column":38}},"type":"if","locations":[{"start":{"line":8,"column":4},"end":{"line":8,"column":38}},{"start":{},"end":{}}],"line":8},"1":{"loc":{"start":{"line":30,"column":44},"end":{"line":30,"column":77}},"type":"binary-expr","locations":[{"start":{"line":30,"column":44},"end":{"line":30,"column":64}},{"start":{"line":30,"column":68},"end":{"line":30,"column":77}}],"line":30}},"s":{"0":0,"1":0,"2":0,"3":0,"4":0,"5":0,"6":0},"f":{"0":0,"1":0},"b":{"0":[0,0],"1":[0,0]}}
,"/home/etec/Documentos/Proyecto_shoeStore/Proyecto_shoeStore/src/components/categorias/deportiva/catDeportiva.jsx": {"path":"/home/etec/Documentos/Proyecto_shoeStore/Proyecto_shoeStore/src/components/categorias/deportiva/catDeportiva.jsx","statementMap":{"0":{"start":{"line":8,"column":45},"end":{"line":8,"column":59}},"1":{"start":{"line":9,"column":35},"end":{"line":9,"column":47}},"2":{"start":{"line":10,"column":33},"end":{"line":10,"column":47}},"3":{"start":{"line":13,"column":3},"end":{"line":26,"column":10}},"4":{"start":{"line":14,"column":5},"end":{"line":25,"column":8}},"5":{"start":{"line":15,"column":20},"end":{"line":15,"column":30}},"6":{"start":{"line":17,"column":9},"end":{"line":17,"column":27}},"7":{"start":{"line":18,"column":9},"end":{"line":18,"column":27}},"8":{"start":{"line":23,"column":7},"end":{"line":23,"column":36}},"9":{"start":{"line":24,"column":7},"end":{"line":24,"column":25}},"10":{"start":{"line":28,"column":4},"end":{"line":28,"column":43}},"11":{"start":{"line":28,"column":17},"end":{"line":28,"column":43}},"12":{"start":{"line":29,"column":4},"end":{"line":29,"column":76}},"13":{"start":{"line":29,"column":44},"end":{"line":29,"column":76}},"14":{"start":{"line":31,"column":27},"end":{"line":33,"column":4}},"15":{"start":{"line":32,"column":5},"end":{"line":32,"column":28}},"16":{"start":{"line":35,"column":0},"end":{"line":68,"column":2}},"17":{"start":{"line":44,"column":4},"end":{"line":54,"column":10}},"18":{"start":{"line":50,"column":49},"end":{"line":50,"column":74}},"19":{"start":{"line":61,"column":57},"end":{"line":61,"column":76}}},"fnMap":{"0":{"name":"GrillaDeportiva","decl":{"start":{"line":7,"column":9},"end":{"line":7,"column":24}},"loc":{"start":{"line":7,"column":27},"end":{"line":69,"column":1}},"line":7},"1":{"name":"(anonymous_1)","decl":{"start":{"line":13,"column":13},"end":{"line":13,"column":14}},"loc":{"start":{"line":13,"column":19},"end":{"line":26,"column":4}},"line":13},"2":{"name":"(anonymous_2)","decl":{"start":{"line":15,"column":11},"end":{"line":15,"column":12}},"loc":{"start":{"line":15,"column":20},"end":{"line":15,"column":30}},"line":15},"3":{"name":"(anonymous_3)","decl":{"start":{"line":16,"column":11},"end":{"line":16,"column":12}},"loc":{"start":{"line":16,"column":21},"end":{"line":19,"column":8}},"line":16},"4":{"name":"(anonymous_4)","decl":{"start":{"line":22,"column":12},"end":{"line":22,"column":13}},"loc":{"start":{"line":22,"column":21},"end":{"line":25,"column":6}},"line":22},"5":{"name":"(anonymous_5)","decl":{"start":{"line":31,"column":27},"end":{"line":31,"column":28}},"loc":{"start":{"line":31,"column":33},"end":{"line":33,"column":4}},"line":31},"6":{"name":"(anonymous_6)","decl":{"start":{"line":43,"column":16},"end":{"line":43,"column":17}},"loc":{"start":{"line":44,"column":4},"end":{"line":54,"column":10}},"line":44},"7":{"name":"(anonymous_7)","decl":{"start":{"line":50,"column":42},"end":{"line":50,"column":43}},"loc":{"start":{"line":50,"column":48},"end":{"line":50,"column":75}},"line":50},"8":{"name":"(anonymous_8)","decl":{"start":{"line":61,"column":50},"end":{"line":61,"column":51}},"loc":{"start":{"line":61,"column":57},"end":{"line":61,"column":76}},"line":61}},"branchMap":{"0":{"loc":{"start":{"line":28,"column":4},"end":{"line":28,"column":43}},"type":"if","locations":[{"start":{"line":28,"column":4},"end":{"line":28,"column":43}},{"start":{},"end":{}}],"line":28},"1":{"loc":{"start":{"line":29,"column":4},"end":{"line":29,"column":76}},"type":"if","locations":[{"start":{"line":29,"column":4},"end":{"line":29,"column":76}},{"start":{},"end":{}}],"line":29},"2":{"loc":{"start":{"line":29,"column":8},"end":{"line":29,"column":42}},"type":"binary-expr","locations":[{"start":{"line":29,"column":8},"end":{"line":29,"column":17}},{"start":{"line":29,"column":21},"end":{"line":29,"column":42}}],"line":29},"3":{"loc":{"start":{"line":58,"column":3},"end":{"line":66,"column":3}},"type":"binary-expr","locations":[{"start":{"line":58,"column":3},"end":{"line":58,"column":16}},{"start":{"line":59,"column":4},"end":{"line":65,"column":8}}],"line":58}},"s":{"0":0,"1":0,"2":0,"3":0,"4":0,"5":0,"6":0,"7":0,"8":0,"9":0,"10":0,"11":0,"12":0,"13":0,"14":0,"15":0,"16":0,"17":0,"18":0,"19":0},"f":{"0":0,"1":0,"2":0,"3":0,"4":0,"5":0,"6":0,"7":0,"8":0},"b":{"0":[0,0],"1":[0,0],"2":[0,0],"3":[0,0]}}
,"/home/etec/Documentos/Proyecto_shoeStore/Proyecto_shoeStore/src/components/categorias/deportiva/detallesDeportiva.jsx": {"path":"/home/etec/Documentos/Proyecto_shoeStore/Proyecto_shoeStore/src/components/categorias/deportiva/detallesDeportiva.jsx","statementMap":{"0":{"start":{"line":6,"column":33},"end":{"line":6,"column":42}},"1":{"start":{"line":8,"column":4},"end":{"line":8,"column":38}},"2":{"start":{"line":8,"column":26},"end":{"line":8,"column":38}},"3":{"start":{"line":10,"column":34},"end":{"line":13,"column":1}},"4":{"start":{"line":11,"column":4},"end":{"line":11,"column":38}},"5":{"start":{"line":12,"column":4},"end":{"line":12,"column":57}},"6":{"start":{"line":14,"column":4},"end":{"line":37,"column":6}}},"fnMap":{"0":{"name":"DetallesDeportivas","decl":{"start":{"line":5,"column":9},"end":{"line":5,"column":27}},"loc":{"start":{"line":5,"column":47},"end":{"line":38,"column":1}},"line":5},"1":{"name":"(anonymous_1)","decl":{"start":{"line":10,"column":34},"end":{"line":10,"column":35}},"loc":{"start":{"line":10,"column":40},"end":{"line":13,"column":1}},"line":10}},"branchMap":{"0":{"loc":{"start":{"line":8,"column":4},"end":{"line":8,"column":38}},"type":"if","locations":[{"start":{"line":8,"column":4},"end":{"line":8,"column":38}},{"start":{},"end":{}}],"line":8},"1":{"loc":{"start":{"line":30,"column":44},"end":{"line":30,"column":77}},"type":"binary-expr","locations":[{"start":{"line":30,"column":44},"end":{"line":30,"column":64}},{"start":{"line":30,"column":68},"end":{"line":30,"column":77}}],"line":30}},"s":{"0":0,"1":0,"2":0,"3":0,"4":0,"5":0,"6":0},"f":{"0":0,"1":0},"b":{"0":[0,0],"1":[0,0]}}
,"/home/etec/Documentos/Proyecto_shoeStore/Proyecto_shoeStore/src/components/categorias/high-top/catHighTop.jsx": {"path":"/home/etec/Documentos/Proyecto_shoeStore/Proyecto_shoeStore/src/components/categorias/high-top/catHighTop.jsx","statementMap":{"0":{"start":{"line":8,"column":45},"end":{"line":8,"column":59}},"1":{"start":{"line":9,"column":35},"end":{"line":9,"column":47}},"2":{"start":{"line":10,"column":33},"end":{"line":10,"column":47}},"3":{"start":{"line":13,"column":3},"end":{"line":26,"column":10}},"4":{"start":{"line":14,"column":5},"end":{"line":25,"column":8}},"5":{"start":{"line":15,"column":20},"end":{"line":15,"column":30}},"6":{"start":{"line":17,"column":9},"end":{"line":17,"column":27}},"7":{"start":{"line":18,"column":9},"end":{"line":18,"column":27}},"8":{"start":{"line":23,"column":7},"end":{"line":23,"column":36}},"9":{"start":{"line":24,"column":7},"end":{"line":24,"column":25}},"10":{"start":{"line":28,"column":4},"end":{"line":28,"column":43}},"11":{"start":{"line":28,"column":17},"end":{"line":28,"column":43}},"12":{"start":{"line":29,"column":4},"end":{"line":29,"column":76}},"13":{"start":{"line":29,"column":44},"end":{"line":29,"column":76}},"14":{"start":{"line":31,"column":27},"end":{"line":33,"column":4}},"15":{"start":{"line":32,"column":5},"end":{"line":32,"column":28}},"16":{"start":{"line":35,"column":0},"end":{"line":68,"column":2}},"17":{"start":{"line":44,"column":4},"end":{"line":54,"column":10}},"18":{"start":{"line":50,"column":49},"end":{"line":50,"column":74}},"19":{"start":{"line":61,"column":57},"end":{"line":61,"column":76}}},"fnMap":{"0":{"name":"GrillaHighTop","decl":{"start":{"line":7,"column":9},"end":{"line":7,"column":22}},"loc":{"start":{"line":7,"column":25},"end":{"line":69,"column":1}},"line":7},"1":{"name":"(anonymous_1)","decl":{"start":{"line":13,"column":13},"end":{"line":13,"column":14}},"loc":{"start":{"line":13,"column":19},"end":{"line":26,"column":4}},"line":13},"2":{"name":"(anonymous_2)","decl":{"start":{"line":15,"column":11},"end":{"line":15,"column":12}},"loc":{"start":{"line":15,"column":20},"end":{"line":15,"column":30}},"line":15},"3":{"name":"(anonymous_3)","decl":{"start":{"line":16,"column":11},"end":{"line":16,"column":12}},"loc":{"start":{"line":16,"column":21},"end":{"line":19,"column":8}},"line":16},"4":{"name":"(anonymous_4)","decl":{"start":{"line":22,"column":12},"end":{"line":22,"column":13}},"loc":{"start":{"line":22,"column":21},"end":{"line":25,"column":6}},"line":22},"5":{"name":"(anonymous_5)","decl":{"start":{"line":31,"column":27},"end":{"line":31,"column":28}},"loc":{"start":{"line":31,"column":33},"end":{"line":33,"column":4}},"line":31},"6":{"name":"(anonymous_6)","decl":{"start":{"line":43,"column":16},"end":{"line":43,"column":17}},"loc":{"start":{"line":44,"column":4},"end":{"line":54,"column":10}},"line":44},"7":{"name":"(anonymous_7)","decl":{"start":{"line":50,"column":42},"end":{"line":50,"column":43}},"loc":{"start":{"line":50,"column":48},"end":{"line":50,"column":75}},"line":50},"8":{"name":"(anonymous_8)","decl":{"start":{"line":61,"column":50},"end":{"line":61,"column":51}},"loc":{"start":{"line":61,"column":57},"end":{"line":61,"column":76}},"line":61}},"branchMap":{"0":{"loc":{"start":{"line":28,"column":4},"end":{"line":28,"column":43}},"type":"if","locations":[{"start":{"line":28,"column":4},"end":{"line":28,"column":43}},{"start":{},"end":{}}],"line":28},"1":{"loc":{"start":{"line":29,"column":4},"end":{"line":29,"column":76}},"type":"if","locations":[{"start":{"line":29,"column":4},"end":{"line":29,"column":76}},{"start":{},"end":{}}],"line":29},"2":{"loc":{"start":{"line":29,"column":8},"end":{"line":29,"column":42}},"type":"binary-expr","locations":[{"start":{"line":29,"column":8},"end":{"line":29,"column":17}},{"start":{"line":29,"column":21},"end":{"line":29,"column":42}}],"line":29},"3":{"loc":{"start":{"line":58,"column":3},"end":{"line":66,"column":3}},"type":"binary-expr","locations":[{"start":{"line":58,"column":3},"end":{"line":58,"column":16}},{"start":{"line":59,"column":4},"end":{"line":65,"column":8}}],"line":58}},"s":{"0":0,"1":0,"2":0,"3":0,"4":0,"5":0,"6":0,"7":0,"8":0,"9":0,"10":0,"11":0,"12":0,"13":0,"14":0,"15":0,"16":0,"17":0,"18":0,"19":0},"f":{"0":0,"1":0,"2":0,"3":0,"4":0,"5":0,"6":0,"7":0,"8":0},"b":{"0":[0,0],"1":[0,0],"2":[0,0],"3":[0,0]}}
,"/home/etec/Documentos/Proyecto_shoeStore/Proyecto_shoeStore/src/components/categorias/high-top/detalles-highTop.jsx": {"path":"/home/etec/Documentos/Proyecto_shoeStore/Proyecto_shoeStore/src/components/categorias/high-top/detalles-highTop.jsx","statementMap":{"0":{"start":{"line":6,"column":33},"end":{"line":6,"column":42}},"1":{"start":{"line":8,"column":4},"end":{"line":8,"column":38}},"2":{"start":{"line":8,"column":26},"end":{"line":8,"column":38}},"3":{"start":{"line":10,"column":34},"end":{"line":13,"column":1}},"4":{"start":{"line":11,"column":4},"end":{"line":11,"column":38}},"5":{"start":{"line":12,"column":4},"end":{"line":12,"column":57}},"6":{"start":{"line":14,"column":4},"end":{"line":37,"column":6}}},"fnMap":{"0":{"name":"DetallesHighTop","decl":{"start":{"line":5,"column":9},"end":{"line":5,"column":24}},"loc":{"start":{"line":5,"column":44},"end":{"line":38,"column":1}},"line":5},"1":{"name":"(anonymous_1)","decl":{"start":{"line":10,"column":34},"end":{"line":10,"column":35}},"loc":{"start":{"line":10,"column":40},"end":{"line":13,"column":1}},"line":10}},"branchMap":{"0":{"loc":{"start":{"line":8,"column":4},"end":{"line":8,"column":38}},"type":"if","locations":[{"start":{"line":8,"column":4},"end":{"line":8,"column":38}},{"start":{},"end":{}}],"line":8},"1":{"loc":{"start":{"line":30,"column":44},"end":{"line":30,"column":77}},"type":"binary-expr","locations":[{"start":{"line":30,"column":44},"end":{"line":30,"column":64}},{"start":{"line":30,"column":68},"end":{"line":30,"column":77}}],"line":30}},"s":{"0":0,"1":0,"2":0,"3":0,"4":0,"5":0,"6":0},"f":{"0":0,"1":0},"b":{"0":[0,0],"1":[0,0]}}
,"/home/etec/Documentos/Proyecto_shoeStore/Proyecto_shoeStore/src/components/categorias/running/catRunning.jsx": {"path":"/home/etec/Documentos/Proyecto_shoeStore/Proyecto_shoeStore/src/components/categorias/running/catRunning.jsx","statementMap":{"0":{"start":{"line":8,"column":45},"end":{"line":8,"column":59}},"1":{"start":{"line":9,"column":35},"end":{"line":9,"column":47}},"2":{"start":{"line":10,"column":33},"end":{"line":10,"column":47}},"3":{"start":{"line":13,"column":3},"end":{"line":26,"column":10}},"4":{"start":{"line":14,"column":5},"end":{"line":25,"column":8}},"5":{"start":{"line":15,"column":20},"end":{"line":15,"column":30}},"6":{"start":{"line":17,"column":9},"end":{"line":17,"column":27}},"7":{"start":{"line":18,"column":9},"end":{"line":18,"column":27}},"8":{"start":{"line":23,"column":7},"end":{"line":23,"column":36}},"9":{"start":{"line":24,"column":7},"end":{"line":24,"column":25}},"10":{"start":{"line":28,"column":4},"end":{"line":28,"column":43}},"11":{"start":{"line":28,"column":17},"end":{"line":28,"column":43}},"12":{"start":{"line":29,"column":3},"end":{"line":29,"column":75}},"13":{"start":{"line":29,"column":43},"end":{"line":29,"column":75}},"14":{"start":{"line":31,"column":29},"end":{"line":33,"column":4}},"15":{"start":{"line":32,"column":5},"end":{"line":32,"column":28}},"16":{"start":{"line":35,"column":0},"end":{"line":68,"column":2}},"17":{"start":{"line":44,"column":4},"end":{"line":54,"column":10}},"18":{"start":{"line":50,"column":49},"end":{"line":50,"column":74}},"19":{"start":{"line":60,"column":59},"end":{"line":60,"column":78}}},"fnMap":{"0":{"name":"GrillaRunning","decl":{"start":{"line":7,"column":9},"end":{"line":7,"column":22}},"loc":{"start":{"line":7,"column":25},"end":{"line":69,"column":1}},"line":7},"1":{"name":"(anonymous_1)","decl":{"start":{"line":13,"column":13},"end":{"line":13,"column":14}},"loc":{"start":{"line":13,"column":19},"end":{"line":26,"column":4}},"line":13},"2":{"name":"(anonymous_2)","decl":{"start":{"line":15,"column":11},"end":{"line":15,"column":12}},"loc":{"start":{"line":15,"column":20},"end":{"line":15,"column":30}},"line":15},"3":{"name":"(anonymous_3)","decl":{"start":{"line":16,"column":11},"end":{"line":16,"column":12}},"loc":{"start":{"line":16,"column":21},"end":{"line":19,"column":8}},"line":16},"4":{"name":"(anonymous_4)","decl":{"start":{"line":22,"column":12},"end":{"line":22,"column":13}},"loc":{"start":{"line":22,"column":21},"end":{"line":25,"column":6}},"line":22},"5":{"name":"(anonymous_5)","decl":{"start":{"line":31,"column":29},"end":{"line":31,"column":30}},"loc":{"start":{"line":31,"column":35},"end":{"line":33,"column":4}},"line":31},"6":{"name":"(anonymous_6)","decl":{"start":{"line":43,"column":16},"end":{"line":43,"column":17}},"loc":{"start":{"line":44,"column":4},"end":{"line":54,"column":10}},"line":44},"7":{"name":"(anonymous_7)","decl":{"start":{"line":50,"column":42},"end":{"line":50,"column":43}},"loc":{"start":{"line":50,"column":48},"end":{"line":50,"column":75}},"line":50},"8":{"name":"(anonymous_8)","decl":{"start":{"line":60,"column":52},"end":{"line":60,"column":53}},"loc":{"start":{"line":60,"column":59},"end":{"line":60,"column":78}},"line":60}},"branchMap":{"0":{"loc":{"start":{"line":28,"column":4},"end":{"line":28,"column":43}},"type":"if","locations":[{"start":{"line":28,"column":4},"end":{"line":28,"column":43}},{"start":{},"end":{}}],"line":28},"1":{"loc":{"start":{"line":29,"column":3},"end":{"line":29,"column":75}},"type":"if","locations":[{"start":{"line":29,"column":3},"end":{"line":29,"column":75}},{"start":{},"end":{}}],"line":29},"2":{"loc":{"start":{"line":29,"column":7},"end":{"line":29,"column":41}},"type":"binary-expr","locations":[{"start":{"line":29,"column":7},"end":{"line":29,"column":16}},{"start":{"line":29,"column":20},"end":{"line":29,"column":41}}],"line":29},"3":{"loc":{"start":{"line":57,"column":3},"end":{"line":65,"column":5}},"type":"binary-expr","locations":[{"start":{"line":57,"column":3},"end":{"line":57,"column":16}},{"start":{"line":58,"column":6},"end":{"line":64,"column":10}}],"line":57}},"s":{"0":0,"1":0,"2":0,"3":0,"4":0,"5":0,"6":0,"7":0,"8":0,"9":0,"10":0,"11":0,"12":0,"13":0,"14":0,"15":0,"16":0,"17":0,"18":0,"19":0},"f":{"0":0,"1":0,"2":0,"3":0,"4":0,"5":0,"6":0,"7":0,"8":0},"b":{"0":[0,0],"1":[0,0],"2":[0,0],"3":[0,0]}}
,"/home/etec/Documentos/Proyecto_shoeStore/Proyecto_shoeStore/src/components/categorias/running/detallesRun.jsx": {"path":"/home/etec/Documentos/Proyecto_shoeStore/Proyecto_shoeStore/src/components/categorias/running/detallesRun.jsx","statementMap":{"0":{"start":{"line":6,"column":33},"end":{"line":6,"column":42}},"1":{"start":{"line":8,"column":4},"end":{"line":8,"column":38}},"2":{"start":{"line":8,"column":26},"end":{"line":8,"column":38}},"3":{"start":{"line":10,"column":34},"end":{"line":13,"column":1}},"4":{"start":{"line":11,"column":4},"end":{"line":11,"column":38}},"5":{"start":{"line":12,"column":4},"end":{"line":12,"column":57}},"6":{"start":{"line":14,"column":4},"end":{"line":37,"column":6}}},"fnMap":{"0":{"name":"DetallesRunning","decl":{"start":{"line":5,"column":9},"end":{"line":5,"column":24}},"loc":{"start":{"line":5,"column":44},"end":{"line":38,"column":1}},"line":5},"1":{"name":"(anonymous_1)","decl":{"start":{"line":10,"column":34},"end":{"line":10,"column":35}},"loc":{"start":{"line":10,"column":40},"end":{"line":13,"column":1}},"line":10}},"branchMap":{"0":{"loc":{"start":{"line":8,"column":4},"end":{"line":8,"column":38}},"type":"if","locations":[{"start":{"line":8,"column":4},"end":{"line":8,"column":38}},{"start":{},"end":{}}],"line":8},"1":{"loc":{"start":{"line":30,"column":44},"end":{"line":30,"column":77}},"type":"binary-expr","locations":[{"start":{"line":30,"column":44},"end":{"line":30,"column":64}},{"start":{"line":30,"column":68},"end":{"line":30,"column":77}}],"line":30}},"s":{"0":0,"1":0,"2":0,"3":0,"4":0,"5":0,"6":0},"f":{"0":0,"1":0},"b":{"0":[0,0],"1":[0,0]}}
,"/home/etec/Documentos/Proyecto_shoeStore/Proyecto_shoeStore/src/components/categorias/todas/catTodas.jsx": {"path":"/home/etec/Documentos/Proyecto_shoeStore/Proyecto_shoeStore/src/components/categorias/todas/catTodas.jsx","statementMap":{"0":{"start":{"line":8,"column":35},"end":{"line":8,"column":47}},"1":{"start":{"line":9,"column":33},"end":{"line":9,"column":47}},"2":{"start":{"line":10,"column":45},"end":{"line":10,"column":59}},"3":{"start":{"line":13,"column":3},"end":{"line":26,"column":10}},"4":{"start":{"line":14,"column":5},"end":{"line":25,"column":8}},"5":{"start":{"line":15,"column":20},"end":{"line":15,"column":30}},"6":{"start":{"line":17,"column":9},"end":{"line":17,"column":27}},"7":{"start":{"line":18,"column":9},"end":{"line":18,"column":27}},"8":{"start":{"line":23,"column":7},"end":{"line":23,"column":36}},"9":{"start":{"line":24,"column":7},"end":{"line":24,"column":25}},"10":{"start":{"line":28,"column":4},"end":{"line":28,"column":43}},"11":{"start":{"line":28,"column":17},"end":{"line":28,"column":43}},"12":{"start":{"line":29,"column":4},"end":{"line":29,"column":76}},"13":{"start":{"line":29,"column":44},"end":{"line":29,"column":76}},"14":{"start":{"line":31,"column":30},"end":{"line":33,"column":4}},"15":{"start":{"line":32,"column":5},"end":{"line":32,"column":28}},"16":{"start":{"line":35,"column":0},"end":{"line":68,"column":2}},"17":{"start":{"line":44,"column":4},"end":{"line":54,"column":10}},"18":{"start":{"line":50,"column":49},"end":{"line":50,"column":74}},"19":{"start":{"line":61,"column":57},"end":{"line":61,"column":76}}},"fnMap":{"0":{"name":"CatTodas","decl":{"start":{"line":7,"column":9},"end":{"line":7,"column":17}},"loc":{"start":{"line":7,"column":20},"end":{"line":69,"column":1}},"line":7},"1":{"name":"(anonymous_1)","decl":{"start":{"line":13,"column":13},"end":{"line":13,"column":14}},"loc":{"start":{"line":13,"column":19},"end":{"line":26,"column":4}},"line":13},"2":{"name":"(anonymous_2)","decl":{"start":{"line":15,"column":11},"end":{"line":15,"column":12}},"loc":{"start":{"line":15,"column":20},"end":{"line":15,"column":30}},"line":15},"3":{"name":"(anonymous_3)","decl":{"start":{"line":16,"column":11},"end":{"line":16,"column":12}},"loc":{"start":{"line":16,"column":21},"end":{"line":19,"column":8}},"line":16},"4":{"name":"(anonymous_4)","decl":{"start":{"line":22,"column":12},"end":{"line":22,"column":13}},"loc":{"start":{"line":22,"column":21},"end":{"line":25,"column":6}},"line":22},"5":{"name":"(anonymous_5)","decl":{"start":{"line":31,"column":30},"end":{"line":31,"column":31}},"loc":{"start":{"line":31,"column":36},"end":{"line":33,"column":4}},"line":31},"6":{"name":"(anonymous_6)","decl":{"start":{"line":43,"column":16},"end":{"line":43,"column":17}},"loc":{"start":{"line":44,"column":4},"end":{"line":54,"column":10}},"line":44},"7":{"name":"(anonymous_7)","decl":{"start":{"line":50,"column":42},"end":{"line":50,"column":43}},"loc":{"start":{"line":50,"column":48},"end":{"line":50,"column":75}},"line":50},"8":{"name":"(anonymous_8)","decl":{"start":{"line":61,"column":50},"end":{"line":61,"column":51}},"loc":{"start":{"line":61,"column":57},"end":{"line":61,"column":76}},"line":61}},"branchMap":{"0":{"loc":{"start":{"line":28,"column":4},"end":{"line":28,"column":43}},"type":"if","locations":[{"start":{"line":28,"column":4},"end":{"line":28,"column":43}},{"start":{},"end":{}}],"line":28},"1":{"loc":{"start":{"line":29,"column":4},"end":{"line":29,"column":76}},"type":"if","locations":[{"start":{"line":29,"column":4},"end":{"line":29,"column":76}},{"start":{},"end":{}}],"line":29},"2":{"loc":{"start":{"line":29,"column":8},"end":{"line":29,"column":42}},"type":"binary-expr","locations":[{"start":{"line":29,"column":8},"end":{"line":29,"column":17}},{"start":{"line":29,"column":21},"end":{"line":29,"column":42}}],"line":29},"3":{"loc":{"start":{"line":58,"column":3},"end":{"line":66,"column":3}},"type":"binary-expr","locations":[{"start":{"line":58,"column":3},"end":{"line":58,"column":16}},{"start":{"line":59,"column":4},"end":{"line":65,"column":8}}],"line":58}},"s":{"0":0,"1":0,"2":0,"3":0,"4":0,"5":0,"6":0,"7":0,"8":0,"9":0,"10":0,"11":0,"12":0,"13":0,"14":0,"15":0,"16":0,"17":0,"18":0,"19":0},"f":{"0":0,"1":0,"2":0,"3":0,"4":0,"5":0,"6":0,"7":0,"8":0},"b":{"0":[0,0],"1":[0,0],"2":[0,0],"3":[0,0]}}
,"/home/etec/Documentos/Proyecto_shoeStore/Proyecto_shoeStore/src/components/categorias/todas/detallesTodas.jsx": {"path":"/home/etec/Documentos/Proyecto_shoeStore/Proyecto_shoeStore/src/components/categorias/todas/detallesTodas.jsx","statementMap":{"0":{"start":{"line":6,"column":33},"end":{"line":6,"column":42}},"1":{"start":{"line":8,"column":4},"end":{"line":8,"column":38}},"2":{"start":{"line":8,"column":26},"end":{"line":8,"column":38}},"3":{"start":{"line":10,"column":34},"end":{"line":13,"column":1}},"4":{"start":{"line":11,"column":4},"end":{"line":11,"column":38}},"5":{"start":{"line":12,"column":4},"end":{"line":12,"column":57}},"6":{"start":{"line":14,"column":4},"end":{"line":37,"column":6}}},"fnMap":{"0":{"name":"DetallesRunning","decl":{"start":{"line":5,"column":9},"end":{"line":5,"column":24}},"loc":{"start":{"line":5,"column":44},"end":{"line":38,"column":1}},"line":5},"1":{"name":"(anonymous_1)","decl":{"start":{"line":10,"column":34},"end":{"line":10,"column":35}},"loc":{"start":{"line":10,"column":40},"end":{"line":13,"column":1}},"line":10}},"branchMap":{"0":{"loc":{"start":{"line":8,"column":4},"end":{"line":8,"column":38}},"type":"if","locations":[{"start":{"line":8,"column":4},"end":{"line":8,"column":38}},{"start":{},"end":{}}],"line":8},"1":{"loc":{"start":{"line":30,"column":44},"end":{"line":30,"column":77}},"type":"binary-expr","locations":[{"start":{"line":30,"column":44},"end":{"line":30,"column":64}},{"start":{"line":30,"column":68},"end":{"line":30,"column":77}}],"line":30}},"s":{"0":0,"1":0,"2":0,"3":0,"4":0,"5":0,"6":0},"f":{"0":0,"1":0},"b":{"0":[0,0],"1":[0,0]}}
,"/home/etec/Documentos/Proyecto_shoeStore/Proyecto_shoeStore/src/components/destacados/destacados.jsx": {"path":"/home/etec/Documentos/Proyecto_shoeStore/Proyecto_shoeStore/src/components/destacados/destacados.jsx","statementMap":{"0":{"start":{"line":4,"column":18},"end":{"line":9,"column":1}},"1":{"start":{"line":5,"column":2},"end":{"line":7,"column":4}}},"fnMap":{"0":{"name":"(anonymous_0)","decl":{"start":{"line":4,"column":18},"end":{"line":4,"column":19}},"loc":{"start":{"line":4,"column":24},"end":{"line":9,"column":1}},"line":4}},"branchMap":{},"s":{"0":0,"1":0},"f":{"0":0},"b":{}}
,"/home/etec/Documentos/Proyecto_shoeStore/Proyecto_shoeStore/src/components/destacados/grilla/grilla.jsx": {"path":"/home/etec/Documentos/Proyecto_shoeStore/Proyecto_shoeStore/src/components/destacados/grilla/grilla.jsx","statementMap":{"0":{"start":{"line":5,"column":18},"end":{"line":28,"column":1}},"1":{"start":{"line":6,"column":36},"end":{"line":6,"column":48}},"2":{"start":{"line":7,"column":4},"end":{"line":14,"column":11}},"3":{"start":{"line":8,"column":6},"end":{"line":13,"column":47}},"4":{"start":{"line":9,"column":17},"end":{"line":9,"column":27}},"5":{"start":{"line":11,"column":8},"end":{"line":11,"column":26}},"6":{"start":{"line":13,"column":19},"end":{"line":13,"column":45}},"7":{"start":{"line":15,"column":0},"end":{"line":27,"column":4}},"8":{"start":{"line":18,"column":10},"end":{"line":23,"column":16}}},"fnMap":{"0":{"name":"(anonymous_0)","decl":{"start":{"line":5,"column":18},"end":{"line":5,"column":19}},"loc":{"start":{"line":5,"column":23},"end":{"line":28,"column":1}},"line":5},"1":{"name":"(anonymous_1)","decl":{"start":{"line":7,"column":14},"end":{"line":7,"column":15}},"loc":{"start":{"line":7,"column":19},"end":{"line":14,"column":5}},"line":7},"2":{"name":"(anonymous_2)","decl":{"start":{"line":9,"column":12},"end":{"line":9,"column":13}},"loc":{"start":{"line":9,"column":17},"end":{"line":9,"column":27}},"line":9},"3":{"name":"(anonymous_3)","decl":{"start":{"line":10,"column":12},"end":{"line":10,"column":13}},"loc":{"start":{"line":10,"column":19},"end":{"line":12,"column":7}},"line":10},"4":{"name":"(anonymous_4)","decl":{"start":{"line":13,"column":13},"end":{"line":13,"column":14}},"loc":{"start":{"line":13,"column":19},"end":{"line":13,"column":45}},"line":13},"5":{"name":"(anonymous_5)","decl":{"start":{"line":17,"column":50},"end":{"line":17,"column":51}},"loc":{"start":{"line":18,"column":10},"end":{"line":23,"column":16}},"line":18}},"branchMap":{"0":{"loc":{"start":{"line":17,"column":5},"end":{"line":24,"column":8}},"type":"cond-expr","locations":[{"start":{"line":17,"column":17},"end":{"line":17,"column":34}},{"start":{"line":17,"column":37},"end":{"line":24,"column":8}}],"line":17}},"s":{"0":0,"1":0,"2":0,"3":0,"4":0,"5":0,"6":0,"7":0,"8":0},"f":{"0":0,"1":0,"2":0,"3":0,"4":0,"5":0},"b":{"0":[0,0]}}
,"/home/etec/Documentos/Proyecto_shoeStore/Proyecto_shoeStore/src/components/footer/footer.jsx": {"path":"/home/etec/Documentos/Proyecto_shoeStore/Proyecto_shoeStore/src/components/footer/footer.jsx","statementMap":{"0":{"start":{"line":8,"column":15},"end":{"line":33,"column":1}},"1":{"start":{"line":9,"column":2},"end":{"line":32,"column":4}}},"fnMap":{"0":{"name":"(anonymous_0)","decl":{"start":{"line":8,"column":15},"end":{"line":8,"column":16}},"loc":{"start":{"line":8,"column":21},"end":{"line":33,"column":1}},"line":8}},"branchMap":{},"s":{"0":0,"1":0},"f":{"0":0},"b":{}}
,"/home/etec/Documentos/Proyecto_shoeStore/Proyecto_shoeStore/src/components/grilla3/grilla3.jsx": {"path":"/home/etec/Documentos/Proyecto_shoeStore/Proyecto_shoeStore/src/components/grilla3/grilla3.jsx","statementMap":{"0":{"start":{"line":5,"column":19},"end":{"line":13,"column":1}},"1":{"start":{"line":6,"column":4},"end":{"line":12,"column":6}}},"fnMap":{"0":{"name":"(anonymous_0)","decl":{"start":{"line":5,"column":19},"end":{"line":5,"column":20}},"loc":{"start":{"line":5,"column":24},"end":{"line":13,"column":1}},"line":5}},"branchMap":{},"s":{"0":0,"1":0},"f":{"0":0},"b":{}}
,"/home/etec/Documentos/Proyecto_shoeStore/Proyecto_shoeStore/src/components/zapatillasBasicas/basicas.jsx": {"path":"/home/etec/Documentos/Proyecto_shoeStore/Proyecto_shoeStore/src/components/zapatillasBasicas/basicas.jsx","statementMap":{"0":{"start":{"line":5,"column":2},"end":{"line":11,"column":4}}},"fnMap":{"0":{"name":"Basicas","decl":{"start":{"line":4,"column":24},"end":{"line":4,"column":31}},"loc":{"start":{"line":4,"column":34},"end":{"line":12,"column":1}},"line":4}},"branchMap":{},"s":{"0":0},"f":{"0":0},"b":{}}
,"/home/etec/Documentos/Proyecto_shoeStore/Proyecto_shoeStore/src/components/zapatillasDeportivas/deportivas.jsx": {"path":"/home/etec/Documentos/Proyecto_shoeStore/Proyecto_shoeStore/src/components/zapatillasDeportivas/deportivas.jsx","statementMap":{"0":{"start":{"line":5,"column":2},"end":{"line":11,"column":4}}},"fnMap":{"0":{"name":"Deportivas","decl":{"start":{"line":4,"column":24},"end":{"line":4,"column":34}},"loc":{"start":{"line":4,"column":37},"end":{"line":12,"column":1}},"line":4}},"branchMap":{},"s":{"0":0},"f":{"0":0},"b":{}}
,"/home/etec/Documentos/Proyecto_shoeStore/Proyecto_shoeStore/src/components/zapatillasHightop/high-top.jsx": {"path":"/home/etec/Documentos/Proyecto_shoeStore/Proyecto_shoeStore/src/components/zapatillasHightop/high-top.jsx","statementMap":{"0":{"start":{"line":5,"column":2},"end":{"line":11,"column":4}}},"fnMap":{"0":{"name":"HighTop","decl":{"start":{"line":4,"column":24},"end":{"line":4,"column":31}},"loc":{"start":{"line":4,"column":34},"end":{"line":12,"column":1}},"line":4}},"branchMap":{},"s":{"0":0},"f":{"0":0},"b":{}}
,"/home/etec/Documentos/Proyecto_shoeStore/Proyecto_shoeStore/src/components/zapatillasRunning/running.jsx": {"path":"/home/etec/Documentos/Proyecto_shoeStore/Proyecto_shoeStore/src/components/zapatillasRunning/running.jsx","statementMap":{"0":{"start":{"line":5,"column":2},"end":{"line":11,"column":4}}},"fnMap":{"0":{"name":"Running","decl":{"start":{"line":4,"column":9},"end":{"line":4,"column":16}},"loc":{"start":{"line":4,"column":19},"end":{"line":12,"column":1}},"line":4}},"branchMap":{},"s":{"0":0},"f":{"0":0},"b":{}}
}
